{"/Users/vladislavpolyak/Desktop/Assignment-1/dist/src/server.js": {"path":"/Users/vladislavpolyak/Desktop/Assignment-1/dist/src/server.js","statementMap":{"0":{"start":{"line":2,"column":22},"end":{"line":4,"column":1}},"1":{"start":{"line":3,"column":4},"end":{"line":3,"column":62}},"2":{"start":{"line":5,"column":0},"end":{"line":5,"column":62}},"3":{"start":{"line":6,"column":0},"end":{"line":6,"column":27}},"4":{"start":{"line":7,"column":18},"end":{"line":7,"column":53}},"5":{"start":{"line":8,"column":19},"end":{"line":8,"column":55}},"6":{"start":{"line":9,"column":22},"end":{"line":9,"column":61}},"7":{"start":{"line":10,"column":16},"end":{"line":10,"column":58}},"8":{"start":{"line":11,"column":19},"end":{"line":11,"column":64}},"9":{"start":{"line":12,"column":12},"end":{"line":12,"column":36}},"10":{"start":{"line":13,"column":16},"end":{"line":36,"column":1}},"11":{"start":{"line":14,"column":4},"end":{"line":35,"column":7}},"12":{"start":{"line":15,"column":8},"end":{"line":34,"column":9}},"13":{"start":{"line":16,"column":12},"end":{"line":16,"column":55}},"14":{"start":{"line":17,"column":12},"end":{"line":17,"column":48}},"15":{"start":{"line":18,"column":12},"end":{"line":18,"column":19}},"16":{"start":{"line":21,"column":12},"end":{"line":33,"column":15}},"17":{"start":{"line":24,"column":16},"end":{"line":24,"column":53}},"18":{"start":{"line":25,"column":16},"end":{"line":25,"column":54}},"19":{"start":{"line":26,"column":16},"end":{"line":26,"column":51}},"20":{"start":{"line":27,"column":16},"end":{"line":27,"column":57}},"21":{"start":{"line":28,"column":16},"end":{"line":28,"column":29}},"22":{"start":{"line":31,"column":16},"end":{"line":31,"column":65}},"23":{"start":{"line":32,"column":16},"end":{"line":32,"column":28}},"24":{"start":{"line":37,"column":0},"end":{"line":37,"column":26}}},"fnMap":{"0":{"name":"(anonymous_0)","decl":{"start":{"line":2,"column":56},"end":{"line":2,"column":57}},"loc":{"start":{"line":2,"column":71},"end":{"line":4,"column":1}},"line":2},"1":{"name":"(anonymous_1)","decl":{"start":{"line":13,"column":16},"end":{"line":13,"column":17}},"loc":{"start":{"line":13,"column":22},"end":{"line":36,"column":1}},"line":13},"2":{"name":"(anonymous_2)","decl":{"start":{"line":14,"column":23},"end":{"line":14,"column":24}},"loc":{"start":{"line":14,"column":44},"end":{"line":35,"column":5}},"line":14},"3":{"name":"(anonymous_3)","decl":{"start":{"line":23,"column":22},"end":{"line":23,"column":23}},"loc":{"start":{"line":23,"column":28},"end":{"line":29,"column":13}},"line":23},"4":{"name":"(anonymous_4)","decl":{"start":{"line":30,"column":23},"end":{"line":30,"column":24}},"loc":{"start":{"line":30,"column":32},"end":{"line":33,"column":13}},"line":30}},"branchMap":{"0":{"loc":{"start":{"line":2,"column":22},"end":{"line":4,"column":1}},"type":"binary-expr","locations":[{"start":{"line":2,"column":23},"end":{"line":2,"column":27}},{"start":{"line":2,"column":31},"end":{"line":2,"column":51}},{"start":{"line":2,"column":56},"end":{"line":4,"column":1}}],"line":2},"1":{"loc":{"start":{"line":3,"column":11},"end":{"line":3,"column":61}},"type":"cond-expr","locations":[{"start":{"line":3,"column":37},"end":{"line":3,"column":40}},{"start":{"line":3,"column":43},"end":{"line":3,"column":61}}],"line":3},"2":{"loc":{"start":{"line":3,"column":12},"end":{"line":3,"column":33}},"type":"binary-expr","locations":[{"start":{"line":3,"column":12},"end":{"line":3,"column":15}},{"start":{"line":3,"column":19},"end":{"line":3,"column":33}}],"line":3},"3":{"loc":{"start":{"line":15,"column":8},"end":{"line":34,"column":9}},"type":"if","locations":[{"start":{"line":15,"column":8},"end":{"line":34,"column":9}},{"start":{"line":20,"column":13},"end":{"line":34,"column":9}}],"line":15}},"s":{"0":1,"1":5,"2":1,"3":1,"4":1,"5":1,"6":1,"7":1,"8":1,"9":1,"10":1,"11":1,"12":1,"13":0,"14":0,"15":0,"16":1,"17":1,"18":1,"19":1,"20":1,"21":1,"22":0,"23":0,"24":1},"f":{"0":5,"1":1,"2":1,"3":1,"4":0},"b":{"0":[1,1,1],"1":[2,3],"2":[5,5],"3":[0,1]},"inputSourceMap":null,"_coverageSchema":"1a1c01bbd47fc00a2c39e90264f33305004495a9","hash":"210adce5e4510e7ccc88a0de3fa698813fb9a5d4"}
,"/Users/vladislavpolyak/Desktop/Assignment-1/dist/src/controllers/comments_controller.js": {"path":"/Users/vladislavpolyak/Desktop/Assignment-1/dist/src/controllers/comments_controller.js","statementMap":{"0":{"start":{"line":2,"column":16},"end":{"line":10,"column":1}},"1":{"start":{"line":3,"column":28},"end":{"line":3,"column":110}},"2":{"start":{"line":3,"column":91},"end":{"line":3,"column":106}},"3":{"start":{"line":4,"column":4},"end":{"line":9,"column":7}},"4":{"start":{"line":5,"column":36},"end":{"line":5,"column":97}},"5":{"start":{"line":5,"column":42},"end":{"line":5,"column":70}},"6":{"start":{"line":5,"column":85},"end":{"line":5,"column":95}},"7":{"start":{"line":6,"column":35},"end":{"line":6,"column":100}},"8":{"start":{"line":6,"column":41},"end":{"line":6,"column":73}},"9":{"start":{"line":6,"column":88},"end":{"line":6,"column":98}},"10":{"start":{"line":7,"column":32},"end":{"line":7,"column":116}},"11":{"start":{"line":8,"column":8},"end":{"line":8,"column":78}},"12":{"start":{"line":11,"column":22},"end":{"line":13,"column":1}},"13":{"start":{"line":12,"column":4},"end":{"line":12,"column":62}},"14":{"start":{"line":14,"column":0},"end":{"line":14,"column":62}},"15":{"start":{"line":15,"column":18},"end":{"line":15,"column":63}},"16":{"start":{"line":17,"column":22},"end":{"line":32,"column":2}},"17":{"start":{"line":17,"column":36},"end":{"line":32,"column":2}},"18":{"start":{"line":18,"column":4},"end":{"line":31,"column":5}},"19":{"start":{"line":19,"column":44},"end":{"line":19,"column":52}},"20":{"start":{"line":20,"column":8},"end":{"line":22,"column":9}},"21":{"start":{"line":21,"column":12},"end":{"line":21,"column":80}},"22":{"start":{"line":23,"column":24},"end":{"line":23,"column":74}},"23":{"start":{"line":24,"column":8},"end":{"line":24,"column":29}},"24":{"start":{"line":25,"column":8},"end":{"line":25,"column":38}},"25":{"start":{"line":28,"column":8},"end":{"line":30,"column":77}},"26":{"start":{"line":34,"column":28},"end":{"line":48,"column":2}},"27":{"start":{"line":34,"column":42},"end":{"line":48,"column":2}},"28":{"start":{"line":35,"column":4},"end":{"line":47,"column":5}},"29":{"start":{"line":36,"column":27},"end":{"line":36,"column":37}},"30":{"start":{"line":37,"column":8},"end":{"line":39,"column":9}},"31":{"start":{"line":38,"column":12},"end":{"line":38,"column":76}},"32":{"start":{"line":40,"column":25},"end":{"line":40,"column":65}},"33":{"start":{"line":41,"column":8},"end":{"line":41,"column":39}},"34":{"start":{"line":44,"column":8},"end":{"line":46,"column":81}},"35":{"start":{"line":50,"column":23},"end":{"line":67,"column":2}},"36":{"start":{"line":50,"column":37},"end":{"line":67,"column":2}},"37":{"start":{"line":51,"column":4},"end":{"line":66,"column":5}},"38":{"start":{"line":52,"column":23},"end":{"line":52,"column":33}},"39":{"start":{"line":53,"column":8},"end":{"line":55,"column":9}},"40":{"start":{"line":54,"column":12},"end":{"line":54,"column":79}},"41":{"start":{"line":56,"column":24},"end":{"line":56,"column":60}},"42":{"start":{"line":57,"column":8},"end":{"line":59,"column":9}},"43":{"start":{"line":58,"column":12},"end":{"line":58,"column":74}},"44":{"start":{"line":60,"column":8},"end":{"line":60,"column":38}},"45":{"start":{"line":63,"column":8},"end":{"line":65,"column":82}},"46":{"start":{"line":69,"column":22},"end":{"line":89,"column":2}},"47":{"start":{"line":69,"column":36},"end":{"line":89,"column":2}},"48":{"start":{"line":70,"column":4},"end":{"line":88,"column":5}},"49":{"start":{"line":71,"column":23},"end":{"line":71,"column":33}},"50":{"start":{"line":72,"column":28},"end":{"line":72,"column":36}},"51":{"start":{"line":73,"column":8},"end":{"line":77,"column":9}},"52":{"start":{"line":74,"column":12},"end":{"line":76,"column":74}},"53":{"start":{"line":78,"column":31},"end":{"line":78,"column":104}},"54":{"start":{"line":79,"column":8},"end":{"line":81,"column":9}},"55":{"start":{"line":80,"column":12},"end":{"line":80,"column":74}},"56":{"start":{"line":82,"column":8},"end":{"line":82,"column":45}},"57":{"start":{"line":85,"column":8},"end":{"line":87,"column":77}},"58":{"start":{"line":91,"column":22},"end":{"line":110,"column":2}},"59":{"start":{"line":91,"column":36},"end":{"line":110,"column":2}},"60":{"start":{"line":92,"column":4},"end":{"line":109,"column":5}},"61":{"start":{"line":93,"column":23},"end":{"line":93,"column":33}},"62":{"start":{"line":94,"column":8},"end":{"line":96,"column":9}},"63":{"start":{"line":95,"column":12},"end":{"line":95,"column":79}},"64":{"start":{"line":97,"column":31},"end":{"line":97,"column":76}},"65":{"start":{"line":98,"column":8},"end":{"line":100,"column":9}},"66":{"start":{"line":99,"column":12},"end":{"line":99,"column":74}},"67":{"start":{"line":101,"column":8},"end":{"line":103,"column":79}},"68":{"start":{"line":106,"column":8},"end":{"line":108,"column":77}},"69":{"start":{"line":111,"column":0},"end":{"line":117,"column":2}}},"fnMap":{"0":{"name":"(anonymous_0)","decl":{"start":{"line":2,"column":44},"end":{"line":2,"column":45}},"loc":{"start":{"line":2,"column":89},"end":{"line":10,"column":1}},"line":2},"1":{"name":"adopt","decl":{"start":{"line":3,"column":13},"end":{"line":3,"column":18}},"loc":{"start":{"line":3,"column":26},"end":{"line":3,"column":112}},"line":3},"2":{"name":"(anonymous_2)","decl":{"start":{"line":3,"column":70},"end":{"line":3,"column":71}},"loc":{"start":{"line":3,"column":89},"end":{"line":3,"column":108}},"line":3},"3":{"name":"(anonymous_3)","decl":{"start":{"line":4,"column":36},"end":{"line":4,"column":37}},"loc":{"start":{"line":4,"column":63},"end":{"line":9,"column":5}},"line":4},"4":{"name":"fulfilled","decl":{"start":{"line":5,"column":17},"end":{"line":5,"column":26}},"loc":{"start":{"line":5,"column":34},"end":{"line":5,"column":99}},"line":5},"5":{"name":"rejected","decl":{"start":{"line":6,"column":17},"end":{"line":6,"column":25}},"loc":{"start":{"line":6,"column":33},"end":{"line":6,"column":102}},"line":6},"6":{"name":"step","decl":{"start":{"line":7,"column":17},"end":{"line":7,"column":21}},"loc":{"start":{"line":7,"column":30},"end":{"line":7,"column":118}},"line":7},"7":{"name":"(anonymous_7)","decl":{"start":{"line":11,"column":56},"end":{"line":11,"column":57}},"loc":{"start":{"line":11,"column":71},"end":{"line":13,"column":1}},"line":11},"8":{"name":"(anonymous_8)","decl":{"start":{"line":17,"column":22},"end":{"line":17,"column":23}},"loc":{"start":{"line":17,"column":36},"end":{"line":32,"column":2}},"line":17},"9":{"name":"(anonymous_9)","decl":{"start":{"line":17,"column":70},"end":{"line":17,"column":71}},"loc":{"start":{"line":17,"column":83},"end":{"line":32,"column":1}},"line":17},"10":{"name":"(anonymous_10)","decl":{"start":{"line":34,"column":28},"end":{"line":34,"column":29}},"loc":{"start":{"line":34,"column":42},"end":{"line":48,"column":2}},"line":34},"11":{"name":"(anonymous_11)","decl":{"start":{"line":34,"column":76},"end":{"line":34,"column":77}},"loc":{"start":{"line":34,"column":89},"end":{"line":48,"column":1}},"line":34},"12":{"name":"(anonymous_12)","decl":{"start":{"line":50,"column":23},"end":{"line":50,"column":24}},"loc":{"start":{"line":50,"column":37},"end":{"line":67,"column":2}},"line":50},"13":{"name":"(anonymous_13)","decl":{"start":{"line":50,"column":71},"end":{"line":50,"column":72}},"loc":{"start":{"line":50,"column":84},"end":{"line":67,"column":1}},"line":50},"14":{"name":"(anonymous_14)","decl":{"start":{"line":69,"column":22},"end":{"line":69,"column":23}},"loc":{"start":{"line":69,"column":36},"end":{"line":89,"column":2}},"line":69},"15":{"name":"(anonymous_15)","decl":{"start":{"line":69,"column":70},"end":{"line":69,"column":71}},"loc":{"start":{"line":69,"column":83},"end":{"line":89,"column":1}},"line":69},"16":{"name":"(anonymous_16)","decl":{"start":{"line":91,"column":22},"end":{"line":91,"column":23}},"loc":{"start":{"line":91,"column":36},"end":{"line":110,"column":2}},"line":91},"17":{"name":"(anonymous_17)","decl":{"start":{"line":91,"column":70},"end":{"line":91,"column":71}},"loc":{"start":{"line":91,"column":83},"end":{"line":110,"column":1}},"line":91}},"branchMap":{"0":{"loc":{"start":{"line":2,"column":16},"end":{"line":10,"column":1}},"type":"binary-expr","locations":[{"start":{"line":2,"column":17},"end":{"line":2,"column":21}},{"start":{"line":2,"column":25},"end":{"line":2,"column":39}},{"start":{"line":2,"column":44},"end":{"line":10,"column":1}}],"line":2},"1":{"loc":{"start":{"line":3,"column":35},"end":{"line":3,"column":109}},"type":"cond-expr","locations":[{"start":{"line":3,"column":56},"end":{"line":3,"column":61}},{"start":{"line":3,"column":64},"end":{"line":3,"column":109}}],"line":3},"2":{"loc":{"start":{"line":4,"column":16},"end":{"line":4,"column":34}},"type":"binary-expr","locations":[{"start":{"line":4,"column":16},"end":{"line":4,"column":17}},{"start":{"line":4,"column":22},"end":{"line":4,"column":33}}],"line":4},"3":{"loc":{"start":{"line":7,"column":32},"end":{"line":7,"column":115}},"type":"cond-expr","locations":[{"start":{"line":7,"column":46},"end":{"line":7,"column":67}},{"start":{"line":7,"column":70},"end":{"line":7,"column":115}}],"line":7},"4":{"loc":{"start":{"line":8,"column":51},"end":{"line":8,"column":67}},"type":"binary-expr","locations":[{"start":{"line":8,"column":51},"end":{"line":8,"column":61}},{"start":{"line":8,"column":65},"end":{"line":8,"column":67}}],"line":8},"5":{"loc":{"start":{"line":11,"column":22},"end":{"line":13,"column":1}},"type":"binary-expr","locations":[{"start":{"line":11,"column":23},"end":{"line":11,"column":27}},{"start":{"line":11,"column":31},"end":{"line":11,"column":51}},{"start":{"line":11,"column":56},"end":{"line":13,"column":1}}],"line":11},"6":{"loc":{"start":{"line":12,"column":11},"end":{"line":12,"column":61}},"type":"cond-expr","locations":[{"start":{"line":12,"column":37},"end":{"line":12,"column":40}},{"start":{"line":12,"column":43},"end":{"line":12,"column":61}}],"line":12},"7":{"loc":{"start":{"line":12,"column":12},"end":{"line":12,"column":33}},"type":"binary-expr","locations":[{"start":{"line":12,"column":12},"end":{"line":12,"column":15}},{"start":{"line":12,"column":19},"end":{"line":12,"column":33}}],"line":12},"8":{"loc":{"start":{"line":20,"column":8},"end":{"line":22,"column":9}},"type":"if","locations":[{"start":{"line":20,"column":8},"end":{"line":22,"column":9}},{"start":{},"end":{}}],"line":20},"9":{"loc":{"start":{"line":20,"column":12},"end":{"line":20,"column":42}},"type":"binary-expr","locations":[{"start":{"line":20,"column":12},"end":{"line":20,"column":19}},{"start":{"line":20,"column":23},"end":{"line":20,"column":31}},{"start":{"line":20,"column":35},"end":{"line":20,"column":42}}],"line":20},"10":{"loc":{"start":{"line":37,"column":8},"end":{"line":39,"column":9}},"type":"if","locations":[{"start":{"line":37,"column":8},"end":{"line":39,"column":9}},{"start":{},"end":{}}],"line":37},"11":{"loc":{"start":{"line":53,"column":8},"end":{"line":55,"column":9}},"type":"if","locations":[{"start":{"line":53,"column":8},"end":{"line":55,"column":9}},{"start":{},"end":{}}],"line":53},"12":{"loc":{"start":{"line":57,"column":8},"end":{"line":59,"column":9}},"type":"if","locations":[{"start":{"line":57,"column":8},"end":{"line":59,"column":9}},{"start":{},"end":{}}],"line":57},"13":{"loc":{"start":{"line":73,"column":8},"end":{"line":77,"column":9}},"type":"if","locations":[{"start":{"line":73,"column":8},"end":{"line":77,"column":9}},{"start":{},"end":{}}],"line":73},"14":{"loc":{"start":{"line":73,"column":12},"end":{"line":73,"column":27}},"type":"binary-expr","locations":[{"start":{"line":73,"column":12},"end":{"line":73,"column":15}},{"start":{"line":73,"column":19},"end":{"line":73,"column":27}}],"line":73},"15":{"loc":{"start":{"line":79,"column":8},"end":{"line":81,"column":9}},"type":"if","locations":[{"start":{"line":79,"column":8},"end":{"line":81,"column":9}},{"start":{},"end":{}}],"line":79},"16":{"loc":{"start":{"line":94,"column":8},"end":{"line":96,"column":9}},"type":"if","locations":[{"start":{"line":94,"column":8},"end":{"line":96,"column":9}},{"start":{},"end":{}}],"line":94},"17":{"loc":{"start":{"line":98,"column":8},"end":{"line":100,"column":9}},"type":"if","locations":[{"start":{"line":98,"column":8},"end":{"line":100,"column":9}},{"start":{},"end":{}}],"line":98}},"s":{"0":1,"1":7,"2":6,"3":9,"4":5,"5":5,"6":0,"7":2,"8":2,"9":0,"10":16,"11":9,"12":1,"13":1,"14":1,"15":1,"16":1,"17":3,"18":3,"19":3,"20":3,"21":2,"22":1,"23":1,"24":1,"25":0,"26":1,"27":0,"28":0,"29":0,"30":0,"31":0,"32":0,"33":0,"34":0,"35":1,"36":1,"37":1,"38":1,"39":1,"40":0,"41":1,"42":1,"43":0,"44":1,"45":0,"46":1,"47":3,"48":3,"49":3,"50":3,"51":3,"52":0,"53":3,"54":2,"55":1,"56":1,"57":1,"58":1,"59":2,"60":2,"61":2,"62":2,"63":0,"64":2,"65":1,"66":0,"67":1,"68":1,"69":1},"f":{"0":9,"1":7,"2":6,"3":9,"4":5,"5":2,"6":16,"7":1,"8":3,"9":3,"10":0,"11":0,"12":1,"13":1,"14":3,"15":3,"16":2,"17":2},"b":{"0":[1,1,1],"1":[1,6],"2":[9,9],"3":[9,7],"4":[9,9],"5":[1,1,1],"6":[1,0],"7":[1,1],"8":[2,1],"9":[3,1,1],"10":[0,0],"11":[0,1],"12":[0,1],"13":[0,3],"14":[3,3],"15":[1,1],"16":[0,2],"17":[0,1]},"inputSourceMap":null,"_coverageSchema":"1a1c01bbd47fc00a2c39e90264f33305004495a9","hash":"4211a8c6d186c7bd796d456da5f0b7ce4a65063d"}
,"/Users/vladislavpolyak/Desktop/Assignment-1/dist/src/controllers/posts_controller.js": {"path":"/Users/vladislavpolyak/Desktop/Assignment-1/dist/src/controllers/posts_controller.js","statementMap":{"0":{"start":{"line":2,"column":16},"end":{"line":10,"column":1}},"1":{"start":{"line":3,"column":28},"end":{"line":3,"column":110}},"2":{"start":{"line":3,"column":91},"end":{"line":3,"column":106}},"3":{"start":{"line":4,"column":4},"end":{"line":9,"column":7}},"4":{"start":{"line":5,"column":36},"end":{"line":5,"column":97}},"5":{"start":{"line":5,"column":42},"end":{"line":5,"column":70}},"6":{"start":{"line":5,"column":85},"end":{"line":5,"column":95}},"7":{"start":{"line":6,"column":35},"end":{"line":6,"column":100}},"8":{"start":{"line":6,"column":41},"end":{"line":6,"column":73}},"9":{"start":{"line":6,"column":88},"end":{"line":6,"column":98}},"10":{"start":{"line":7,"column":32},"end":{"line":7,"column":116}},"11":{"start":{"line":8,"column":8},"end":{"line":8,"column":78}},"12":{"start":{"line":11,"column":22},"end":{"line":13,"column":1}},"13":{"start":{"line":12,"column":4},"end":{"line":12,"column":62}},"14":{"start":{"line":14,"column":0},"end":{"line":14,"column":62}},"15":{"start":{"line":15,"column":15},"end":{"line":15,"column":57}},"16":{"start":{"line":17,"column":19},"end":{"line":32,"column":2}},"17":{"start":{"line":17,"column":33},"end":{"line":32,"column":2}},"18":{"start":{"line":18,"column":4},"end":{"line":31,"column":5}},"19":{"start":{"line":19,"column":45},"end":{"line":19,"column":53}},"20":{"start":{"line":20,"column":8},"end":{"line":22,"column":9}},"21":{"start":{"line":21,"column":12},"end":{"line":21,"column":80}},"22":{"start":{"line":23,"column":21},"end":{"line":23,"column":69}},"23":{"start":{"line":24,"column":8},"end":{"line":24,"column":26}},"24":{"start":{"line":25,"column":8},"end":{"line":25,"column":35}},"25":{"start":{"line":28,"column":8},"end":{"line":30,"column":74}},"26":{"start":{"line":34,"column":20},"end":{"line":44,"column":2}},"27":{"start":{"line":34,"column":34},"end":{"line":44,"column":2}},"28":{"start":{"line":35,"column":4},"end":{"line":43,"column":5}},"29":{"start":{"line":36,"column":22},"end":{"line":36,"column":49}},"30":{"start":{"line":37,"column":8},"end":{"line":37,"column":36}},"31":{"start":{"line":40,"column":8},"end":{"line":42,"column":78}},"32":{"start":{"line":46,"column":20},"end":{"line":60,"column":2}},"33":{"start":{"line":46,"column":34},"end":{"line":60,"column":2}},"34":{"start":{"line":47,"column":4},"end":{"line":59,"column":5}},"35":{"start":{"line":48,"column":23},"end":{"line":48,"column":33}},"36":{"start":{"line":49,"column":21},"end":{"line":49,"column":54}},"37":{"start":{"line":50,"column":8},"end":{"line":52,"column":9}},"38":{"start":{"line":51,"column":12},"end":{"line":51,"column":71}},"39":{"start":{"line":53,"column":8},"end":{"line":53,"column":35}},"40":{"start":{"line":56,"column":8},"end":{"line":58,"column":79}},"41":{"start":{"line":62,"column":27},"end":{"line":78,"column":2}},"42":{"start":{"line":62,"column":41},"end":{"line":78,"column":2}},"43":{"start":{"line":63,"column":4},"end":{"line":77,"column":5}},"44":{"start":{"line":64,"column":22},"end":{"line":64,"column":82}},"45":{"start":{"line":65,"column":8},"end":{"line":69,"column":9}},"46":{"start":{"line":66,"column":12},"end":{"line":68,"column":69}},"47":{"start":{"line":70,"column":8},"end":{"line":70,"column":36}},"48":{"start":{"line":73,"column":8},"end":{"line":76,"column":11}},"49":{"start":{"line":80,"column":19},"end":{"line":99,"column":2}},"50":{"start":{"line":80,"column":33},"end":{"line":99,"column":2}},"51":{"start":{"line":81,"column":4},"end":{"line":98,"column":5}},"52":{"start":{"line":82,"column":35},"end":{"line":82,"column":43}},"53":{"start":{"line":83,"column":8},"end":{"line":87,"column":9}},"54":{"start":{"line":84,"column":12},"end":{"line":86,"column":69}},"55":{"start":{"line":88,"column":28},"end":{"line":88,"column":116}},"56":{"start":{"line":89,"column":8},"end":{"line":91,"column":9}},"57":{"start":{"line":90,"column":12},"end":{"line":90,"column":71}},"58":{"start":{"line":92,"column":8},"end":{"line":92,"column":42}},"59":{"start":{"line":95,"column":8},"end":{"line":97,"column":74}},"60":{"start":{"line":100,"column":0},"end":{"line":106,"column":2}}},"fnMap":{"0":{"name":"(anonymous_0)","decl":{"start":{"line":2,"column":44},"end":{"line":2,"column":45}},"loc":{"start":{"line":2,"column":89},"end":{"line":10,"column":1}},"line":2},"1":{"name":"adopt","decl":{"start":{"line":3,"column":13},"end":{"line":3,"column":18}},"loc":{"start":{"line":3,"column":26},"end":{"line":3,"column":112}},"line":3},"2":{"name":"(anonymous_2)","decl":{"start":{"line":3,"column":70},"end":{"line":3,"column":71}},"loc":{"start":{"line":3,"column":89},"end":{"line":3,"column":108}},"line":3},"3":{"name":"(anonymous_3)","decl":{"start":{"line":4,"column":36},"end":{"line":4,"column":37}},"loc":{"start":{"line":4,"column":63},"end":{"line":9,"column":5}},"line":4},"4":{"name":"fulfilled","decl":{"start":{"line":5,"column":17},"end":{"line":5,"column":26}},"loc":{"start":{"line":5,"column":34},"end":{"line":5,"column":99}},"line":5},"5":{"name":"rejected","decl":{"start":{"line":6,"column":17},"end":{"line":6,"column":25}},"loc":{"start":{"line":6,"column":33},"end":{"line":6,"column":102}},"line":6},"6":{"name":"step","decl":{"start":{"line":7,"column":17},"end":{"line":7,"column":21}},"loc":{"start":{"line":7,"column":30},"end":{"line":7,"column":118}},"line":7},"7":{"name":"(anonymous_7)","decl":{"start":{"line":11,"column":56},"end":{"line":11,"column":57}},"loc":{"start":{"line":11,"column":71},"end":{"line":13,"column":1}},"line":11},"8":{"name":"(anonymous_8)","decl":{"start":{"line":17,"column":19},"end":{"line":17,"column":20}},"loc":{"start":{"line":17,"column":33},"end":{"line":32,"column":2}},"line":17},"9":{"name":"(anonymous_9)","decl":{"start":{"line":17,"column":67},"end":{"line":17,"column":68}},"loc":{"start":{"line":17,"column":80},"end":{"line":32,"column":1}},"line":17},"10":{"name":"(anonymous_10)","decl":{"start":{"line":34,"column":20},"end":{"line":34,"column":21}},"loc":{"start":{"line":34,"column":34},"end":{"line":44,"column":2}},"line":34},"11":{"name":"(anonymous_11)","decl":{"start":{"line":34,"column":68},"end":{"line":34,"column":69}},"loc":{"start":{"line":34,"column":81},"end":{"line":44,"column":1}},"line":34},"12":{"name":"(anonymous_12)","decl":{"start":{"line":46,"column":20},"end":{"line":46,"column":21}},"loc":{"start":{"line":46,"column":34},"end":{"line":60,"column":2}},"line":46},"13":{"name":"(anonymous_13)","decl":{"start":{"line":46,"column":68},"end":{"line":46,"column":69}},"loc":{"start":{"line":46,"column":81},"end":{"line":60,"column":1}},"line":46},"14":{"name":"(anonymous_14)","decl":{"start":{"line":62,"column":27},"end":{"line":62,"column":28}},"loc":{"start":{"line":62,"column":41},"end":{"line":78,"column":2}},"line":62},"15":{"name":"(anonymous_15)","decl":{"start":{"line":62,"column":75},"end":{"line":62,"column":76}},"loc":{"start":{"line":62,"column":88},"end":{"line":78,"column":1}},"line":62},"16":{"name":"(anonymous_16)","decl":{"start":{"line":80,"column":19},"end":{"line":80,"column":20}},"loc":{"start":{"line":80,"column":33},"end":{"line":99,"column":2}},"line":80},"17":{"name":"(anonymous_17)","decl":{"start":{"line":80,"column":67},"end":{"line":80,"column":68}},"loc":{"start":{"line":80,"column":80},"end":{"line":99,"column":1}},"line":80}},"branchMap":{"0":{"loc":{"start":{"line":2,"column":16},"end":{"line":10,"column":1}},"type":"binary-expr","locations":[{"start":{"line":2,"column":17},"end":{"line":2,"column":21}},{"start":{"line":2,"column":25},"end":{"line":2,"column":39}},{"start":{"line":2,"column":44},"end":{"line":10,"column":1}}],"line":2},"1":{"loc":{"start":{"line":3,"column":35},"end":{"line":3,"column":109}},"type":"cond-expr","locations":[{"start":{"line":3,"column":56},"end":{"line":3,"column":61}},{"start":{"line":3,"column":64},"end":{"line":3,"column":109}}],"line":3},"2":{"loc":{"start":{"line":4,"column":16},"end":{"line":4,"column":34}},"type":"binary-expr","locations":[{"start":{"line":4,"column":16},"end":{"line":4,"column":17}},{"start":{"line":4,"column":22},"end":{"line":4,"column":33}}],"line":4},"3":{"loc":{"start":{"line":7,"column":32},"end":{"line":7,"column":115}},"type":"cond-expr","locations":[{"start":{"line":7,"column":46},"end":{"line":7,"column":67}},{"start":{"line":7,"column":70},"end":{"line":7,"column":115}}],"line":7},"4":{"loc":{"start":{"line":8,"column":51},"end":{"line":8,"column":67}},"type":"binary-expr","locations":[{"start":{"line":8,"column":51},"end":{"line":8,"column":61}},{"start":{"line":8,"column":65},"end":{"line":8,"column":67}}],"line":8},"5":{"loc":{"start":{"line":11,"column":22},"end":{"line":13,"column":1}},"type":"binary-expr","locations":[{"start":{"line":11,"column":23},"end":{"line":11,"column":27}},{"start":{"line":11,"column":31},"end":{"line":11,"column":51}},{"start":{"line":11,"column":56},"end":{"line":13,"column":1}}],"line":11},"6":{"loc":{"start":{"line":12,"column":11},"end":{"line":12,"column":61}},"type":"cond-expr","locations":[{"start":{"line":12,"column":37},"end":{"line":12,"column":40}},{"start":{"line":12,"column":43},"end":{"line":12,"column":61}}],"line":12},"7":{"loc":{"start":{"line":12,"column":12},"end":{"line":12,"column":33}},"type":"binary-expr","locations":[{"start":{"line":12,"column":12},"end":{"line":12,"column":15}},{"start":{"line":12,"column":19},"end":{"line":12,"column":33}}],"line":12},"8":{"loc":{"start":{"line":20,"column":8},"end":{"line":22,"column":9}},"type":"if","locations":[{"start":{"line":20,"column":8},"end":{"line":22,"column":9}},{"start":{},"end":{}}],"line":20},"9":{"loc":{"start":{"line":20,"column":12},"end":{"line":20,"column":43}},"type":"binary-expr","locations":[{"start":{"line":20,"column":12},"end":{"line":20,"column":18}},{"start":{"line":20,"column":22},"end":{"line":20,"column":30}},{"start":{"line":20,"column":34},"end":{"line":20,"column":43}}],"line":20},"10":{"loc":{"start":{"line":50,"column":8},"end":{"line":52,"column":9}},"type":"if","locations":[{"start":{"line":50,"column":8},"end":{"line":52,"column":9}},{"start":{},"end":{}}],"line":50},"11":{"loc":{"start":{"line":65,"column":8},"end":{"line":69,"column":9}},"type":"if","locations":[{"start":{"line":65,"column":8},"end":{"line":69,"column":9}},{"start":{},"end":{}}],"line":65},"12":{"loc":{"start":{"line":83,"column":8},"end":{"line":87,"column":9}},"type":"if","locations":[{"start":{"line":83,"column":8},"end":{"line":87,"column":9}},{"start":{},"end":{}}],"line":83},"13":{"loc":{"start":{"line":83,"column":12},"end":{"line":83,"column":30}},"type":"binary-expr","locations":[{"start":{"line":83,"column":12},"end":{"line":83,"column":18}},{"start":{"line":83,"column":22},"end":{"line":83,"column":30}}],"line":83},"14":{"loc":{"start":{"line":89,"column":8},"end":{"line":91,"column":9}},"type":"if","locations":[{"start":{"line":89,"column":8},"end":{"line":91,"column":9}},{"start":{},"end":{}}],"line":89}},"s":{"0":1,"1":10,"2":9,"3":12,"4":9,"5":9,"6":0,"7":1,"8":1,"9":0,"10":22,"11":12,"12":1,"13":1,"14":1,"15":1,"16":1,"17":2,"18":2,"19":2,"20":2,"21":1,"22":1,"23":1,"24":1,"25":0,"26":1,"27":2,"28":2,"29":2,"30":2,"31":0,"32":1,"33":3,"34":3,"35":3,"36":3,"37":2,"38":1,"39":1,"40":1,"41":1,"42":2,"43":2,"44":2,"45":2,"46":1,"47":1,"48":0,"49":1,"50":3,"51":3,"52":3,"53":3,"54":1,"55":2,"56":2,"57":1,"58":1,"59":0,"60":1},"f":{"0":12,"1":10,"2":9,"3":12,"4":9,"5":1,"6":22,"7":1,"8":2,"9":2,"10":2,"11":2,"12":3,"13":3,"14":2,"15":2,"16":3,"17":3},"b":{"0":[1,1,1],"1":[1,9],"2":[12,12],"3":[12,10],"4":[12,12],"5":[1,1,1],"6":[1,0],"7":[1,1],"8":[1,1],"9":[2,2,1],"10":[1,1],"11":[1,1],"12":[1,2],"13":[3,2],"14":[1,1]},"inputSourceMap":null,"_coverageSchema":"1a1c01bbd47fc00a2c39e90264f33305004495a9","hash":"3aa73d084a583fb50117108a92853c3f39749fc6"}
,"/Users/vladislavpolyak/Desktop/Assignment-1/dist/src/models/Comment.js": {"path":"/Users/vladislavpolyak/Desktop/Assignment-1/dist/src/models/Comment.js","statementMap":{"0":{"start":{"line":2,"column":22},"end":{"line":4,"column":1}},"1":{"start":{"line":3,"column":4},"end":{"line":3,"column":62}},"2":{"start":{"line":5,"column":0},"end":{"line":5,"column":62}},"3":{"start":{"line":6,"column":19},"end":{"line":6,"column":55}},"4":{"start":{"line":7,"column":22},"end":{"line":25,"column":2}},"5":{"start":{"line":26,"column":21},"end":{"line":26,"column":71}},"6":{"start":{"line":27,"column":0},"end":{"line":27,"column":31}}},"fnMap":{"0":{"name":"(anonymous_0)","decl":{"start":{"line":2,"column":56},"end":{"line":2,"column":57}},"loc":{"start":{"line":2,"column":71},"end":{"line":4,"column":1}},"line":2}},"branchMap":{"0":{"loc":{"start":{"line":2,"column":22},"end":{"line":4,"column":1}},"type":"binary-expr","locations":[{"start":{"line":2,"column":23},"end":{"line":2,"column":27}},{"start":{"line":2,"column":31},"end":{"line":2,"column":51}},{"start":{"line":2,"column":56},"end":{"line":4,"column":1}}],"line":2},"1":{"loc":{"start":{"line":3,"column":11},"end":{"line":3,"column":61}},"type":"cond-expr","locations":[{"start":{"line":3,"column":37},"end":{"line":3,"column":40}},{"start":{"line":3,"column":43},"end":{"line":3,"column":61}}],"line":3},"2":{"loc":{"start":{"line":3,"column":12},"end":{"line":3,"column":33}},"type":"binary-expr","locations":[{"start":{"line":3,"column":12},"end":{"line":3,"column":15}},{"start":{"line":3,"column":19},"end":{"line":3,"column":33}}],"line":3}},"s":{"0":1,"1":1,"2":1,"3":1,"4":1,"5":1,"6":1},"f":{"0":1},"b":{"0":[1,1,1],"1":[0,1],"2":[1,1]},"inputSourceMap":null,"_coverageSchema":"1a1c01bbd47fc00a2c39e90264f33305004495a9","hash":"c8a230cad733c4eca8adb1e22be8cba38fa92c5d"}
,"/Users/vladislavpolyak/Desktop/Assignment-1/dist/src/models/Post.js": {"path":"/Users/vladislavpolyak/Desktop/Assignment-1/dist/src/models/Post.js","statementMap":{"0":{"start":{"line":2,"column":22},"end":{"line":4,"column":1}},"1":{"start":{"line":3,"column":4},"end":{"line":3,"column":62}},"2":{"start":{"line":5,"column":0},"end":{"line":5,"column":62}},"3":{"start":{"line":6,"column":19},"end":{"line":6,"column":55}},"4":{"start":{"line":7,"column":19},"end":{"line":24,"column":2}},"5":{"start":{"line":25,"column":18},"end":{"line":25,"column":62}},"6":{"start":{"line":26,"column":0},"end":{"line":26,"column":28}}},"fnMap":{"0":{"name":"(anonymous_0)","decl":{"start":{"line":2,"column":56},"end":{"line":2,"column":57}},"loc":{"start":{"line":2,"column":71},"end":{"line":4,"column":1}},"line":2}},"branchMap":{"0":{"loc":{"start":{"line":2,"column":22},"end":{"line":4,"column":1}},"type":"binary-expr","locations":[{"start":{"line":2,"column":23},"end":{"line":2,"column":27}},{"start":{"line":2,"column":31},"end":{"line":2,"column":51}},{"start":{"line":2,"column":56},"end":{"line":4,"column":1}}],"line":2},"1":{"loc":{"start":{"line":3,"column":11},"end":{"line":3,"column":61}},"type":"cond-expr","locations":[{"start":{"line":3,"column":37},"end":{"line":3,"column":40}},{"start":{"line":3,"column":43},"end":{"line":3,"column":61}}],"line":3},"2":{"loc":{"start":{"line":3,"column":12},"end":{"line":3,"column":33}},"type":"binary-expr","locations":[{"start":{"line":3,"column":12},"end":{"line":3,"column":15}},{"start":{"line":3,"column":19},"end":{"line":3,"column":33}}],"line":3}},"s":{"0":1,"1":1,"2":1,"3":1,"4":1,"5":1,"6":1},"f":{"0":1},"b":{"0":[1,1,1],"1":[0,1],"2":[1,1]},"inputSourceMap":null,"_coverageSchema":"1a1c01bbd47fc00a2c39e90264f33305004495a9","hash":"0422f7c8370de0e7c51934da8d9c2bd15c4e2556"}
,"/Users/vladislavpolyak/Desktop/Assignment-1/dist/src/routes/comments.js": {"path":"/Users/vladislavpolyak/Desktop/Assignment-1/dist/src/routes/comments.js","statementMap":{"0":{"start":{"line":2,"column":22},"end":{"line":4,"column":1}},"1":{"start":{"line":3,"column":4},"end":{"line":3,"column":62}},"2":{"start":{"line":5,"column":0},"end":{"line":5,"column":62}},"3":{"start":{"line":6,"column":18},"end":{"line":6,"column":53}},"4":{"start":{"line":7,"column":15},"end":{"line":7,"column":41}},"5":{"start":{"line":8,"column":30},"end":{"line":8,"column":92}},"6":{"start":{"line":9,"column":0},"end":{"line":11,"column":3}},"7":{"start":{"line":10,"column":4},"end":{"line":10,"column":58}},"8":{"start":{"line":12,"column":0},"end":{"line":14,"column":3}},"9":{"start":{"line":13,"column":4},"end":{"line":13,"column":64}},"10":{"start":{"line":15,"column":0},"end":{"line":17,"column":3}},"11":{"start":{"line":16,"column":4},"end":{"line":16,"column":59}},"12":{"start":{"line":18,"column":0},"end":{"line":20,"column":3}},"13":{"start":{"line":19,"column":4},"end":{"line":19,"column":58}},"14":{"start":{"line":21,"column":0},"end":{"line":23,"column":3}},"15":{"start":{"line":22,"column":4},"end":{"line":22,"column":58}},"16":{"start":{"line":24,"column":0},"end":{"line":24,"column":25}}},"fnMap":{"0":{"name":"(anonymous_0)","decl":{"start":{"line":2,"column":56},"end":{"line":2,"column":57}},"loc":{"start":{"line":2,"column":71},"end":{"line":4,"column":1}},"line":2},"1":{"name":"(anonymous_1)","decl":{"start":{"line":9,"column":17},"end":{"line":9,"column":18}},"loc":{"start":{"line":9,"column":31},"end":{"line":11,"column":1}},"line":9},"2":{"name":"(anonymous_2)","decl":{"start":{"line":12,"column":23},"end":{"line":12,"column":24}},"loc":{"start":{"line":12,"column":37},"end":{"line":14,"column":1}},"line":12},"3":{"name":"(anonymous_3)","decl":{"start":{"line":15,"column":28},"end":{"line":15,"column":29}},"loc":{"start":{"line":15,"column":42},"end":{"line":17,"column":1}},"line":15},"4":{"name":"(anonymous_4)","decl":{"start":{"line":18,"column":19},"end":{"line":18,"column":20}},"loc":{"start":{"line":18,"column":33},"end":{"line":20,"column":1}},"line":18},"5":{"name":"(anonymous_5)","decl":{"start":{"line":21,"column":22},"end":{"line":21,"column":23}},"loc":{"start":{"line":21,"column":36},"end":{"line":23,"column":1}},"line":21}},"branchMap":{"0":{"loc":{"start":{"line":2,"column":22},"end":{"line":4,"column":1}},"type":"binary-expr","locations":[{"start":{"line":2,"column":23},"end":{"line":2,"column":27}},{"start":{"line":2,"column":31},"end":{"line":2,"column":51}},{"start":{"line":2,"column":56},"end":{"line":4,"column":1}}],"line":2},"1":{"loc":{"start":{"line":3,"column":11},"end":{"line":3,"column":61}},"type":"cond-expr","locations":[{"start":{"line":3,"column":37},"end":{"line":3,"column":40}},{"start":{"line":3,"column":43},"end":{"line":3,"column":61}}],"line":3},"2":{"loc":{"start":{"line":3,"column":12},"end":{"line":3,"column":33}},"type":"binary-expr","locations":[{"start":{"line":3,"column":12},"end":{"line":3,"column":15}},{"start":{"line":3,"column":19},"end":{"line":3,"column":33}}],"line":3}},"s":{"0":1,"1":2,"2":1,"3":1,"4":1,"5":1,"6":1,"7":3,"8":1,"9":0,"10":1,"11":1,"12":1,"13":3,"14":1,"15":2,"16":1},"f":{"0":2,"1":3,"2":0,"3":1,"4":3,"5":2},"b":{"0":[1,1,1],"1":[1,1],"2":[2,2]},"inputSourceMap":null,"_coverageSchema":"1a1c01bbd47fc00a2c39e90264f33305004495a9","hash":"86591b4d04e8498321c744efd829fdd0d0ff0a6d"}
,"/Users/vladislavpolyak/Desktop/Assignment-1/dist/src/routes/posts.js": {"path":"/Users/vladislavpolyak/Desktop/Assignment-1/dist/src/routes/posts.js","statementMap":{"0":{"start":{"line":2,"column":22},"end":{"line":4,"column":1}},"1":{"start":{"line":3,"column":4},"end":{"line":3,"column":62}},"2":{"start":{"line":5,"column":0},"end":{"line":5,"column":62}},"3":{"start":{"line":6,"column":18},"end":{"line":6,"column":53}},"4":{"start":{"line":7,"column":15},"end":{"line":7,"column":41}},"5":{"start":{"line":8,"column":27},"end":{"line":8,"column":86}},"6":{"start":{"line":9,"column":0},"end":{"line":11,"column":3}},"7":{"start":{"line":10,"column":4},"end":{"line":10,"column":52}},"8":{"start":{"line":12,"column":0},"end":{"line":12,"column":56}},"9":{"start":{"line":13,"column":0},"end":{"line":15,"column":3}},"10":{"start":{"line":14,"column":4},"end":{"line":14,"column":53}},"11":{"start":{"line":16,"column":0},"end":{"line":18,"column":3}},"12":{"start":{"line":17,"column":4},"end":{"line":17,"column":60}},"13":{"start":{"line":19,"column":0},"end":{"line":21,"column":3}},"14":{"start":{"line":20,"column":4},"end":{"line":20,"column":52}},"15":{"start":{"line":22,"column":0},"end":{"line":22,"column":25}}},"fnMap":{"0":{"name":"(anonymous_0)","decl":{"start":{"line":2,"column":56},"end":{"line":2,"column":57}},"loc":{"start":{"line":2,"column":71},"end":{"line":4,"column":1}},"line":2},"1":{"name":"(anonymous_1)","decl":{"start":{"line":9,"column":17},"end":{"line":9,"column":18}},"loc":{"start":{"line":9,"column":31},"end":{"line":11,"column":1}},"line":9},"2":{"name":"(anonymous_2)","decl":{"start":{"line":13,"column":19},"end":{"line":13,"column":20}},"loc":{"start":{"line":13,"column":33},"end":{"line":15,"column":1}},"line":13},"3":{"name":"(anonymous_3)","decl":{"start":{"line":16,"column":32},"end":{"line":16,"column":33}},"loc":{"start":{"line":16,"column":46},"end":{"line":18,"column":1}},"line":16},"4":{"name":"(anonymous_4)","decl":{"start":{"line":19,"column":19},"end":{"line":19,"column":20}},"loc":{"start":{"line":19,"column":33},"end":{"line":21,"column":1}},"line":19}},"branchMap":{"0":{"loc":{"start":{"line":2,"column":22},"end":{"line":4,"column":1}},"type":"binary-expr","locations":[{"start":{"line":2,"column":23},"end":{"line":2,"column":27}},{"start":{"line":2,"column":31},"end":{"line":2,"column":51}},{"start":{"line":2,"column":56},"end":{"line":4,"column":1}}],"line":2},"1":{"loc":{"start":{"line":3,"column":11},"end":{"line":3,"column":61}},"type":"cond-expr","locations":[{"start":{"line":3,"column":37},"end":{"line":3,"column":40}},{"start":{"line":3,"column":43},"end":{"line":3,"column":61}}],"line":3},"2":{"loc":{"start":{"line":3,"column":12},"end":{"line":3,"column":33}},"type":"binary-expr","locations":[{"start":{"line":3,"column":12},"end":{"line":3,"column":15}},{"start":{"line":3,"column":19},"end":{"line":3,"column":33}}],"line":3}},"s":{"0":1,"1":2,"2":1,"3":1,"4":1,"5":1,"6":1,"7":2,"8":1,"9":1,"10":3,"11":1,"12":2,"13":1,"14":3,"15":1},"f":{"0":2,"1":2,"2":3,"3":2,"4":3},"b":{"0":[1,1,1],"1":[1,1],"2":[2,2]},"inputSourceMap":null,"_coverageSchema":"1a1c01bbd47fc00a2c39e90264f33305004495a9","hash":"5e8363bf2bd0a726f41dd694758b5b1ca5e58ab3"}
,"/Users/vladislavpolyak/Desktop/Assignment-1/src/server.ts": {"path":"/Users/vladislavpolyak/Desktop/Assignment-1/src/server.ts","statementMap":{"0":{"start":{"line":1,"column":0},"end":{"line":1,"column":27}},"1":{"start":{"line":2,"column":0},"end":{"line":2,"column":43}},"2":{"start":{"line":3,"column":0},"end":{"line":3,"column":32}},"3":{"start":{"line":4,"column":0},"end":{"line":4,"column":37}},"4":{"start":{"line":5,"column":0},"end":{"line":5,"column":40}},"5":{"start":{"line":6,"column":0},"end":{"line":6,"column":46}},"6":{"start":{"line":8,"column":12},"end":{"line":8,"column":21}},"7":{"start":{"line":10,"column":16},"end":{"line":34,"column":1}},"8":{"start":{"line":11,"column":2},"end":{"line":33,"column":5}},"9":{"start":{"line":12,"column":4},"end":{"line":32,"column":5}},"10":{"start":{"line":13,"column":6},"end":{"line":13,"column":49}},"11":{"start":{"line":14,"column":6},"end":{"line":14,"column":42}},"12":{"start":{"line":15,"column":6},"end":{"line":15,"column":13}},"13":{"start":{"line":17,"column":6},"end":{"line":31,"column":11}},"14":{"start":{"line":20,"column":10},"end":{"line":20,"column":47}},"15":{"start":{"line":22,"column":10},"end":{"line":22,"column":37}},"16":{"start":{"line":23,"column":10},"end":{"line":23,"column":40}},"17":{"start":{"line":24,"column":10},"end":{"line":24,"column":46}},"18":{"start":{"line":26,"column":10},"end":{"line":26,"column":23}},"19":{"start":{"line":29,"column":10},"end":{"line":29,"column":59}},"20":{"start":{"line":30,"column":10},"end":{"line":30,"column":22}},"21":{"start":{"line":36,"column":0},"end":{"line":36,"column":23}}},"fnMap":{"0":{"name":"(anonymous_1)","decl":{"start":{"line":10,"column":16},"end":{"line":10,"column":19}},"loc":{"start":{"line":10,"column":21},"end":{"line":34,"column":1}}},"1":{"name":"(anonymous_2)","decl":{"start":{"line":11,"column":30},"end":{"line":11,"column":31}},"loc":{"start":{"line":11,"column":50},"end":{"line":33,"column":3}}},"2":{"name":"(anonymous_3)","decl":{"start":{"line":19,"column":14},"end":{"line":19,"column":17}},"loc":{"start":{"line":19,"column":19},"end":{"line":27,"column":9}}},"3":{"name":"(anonymous_4)","decl":{"start":{"line":28,"column":15},"end":{"line":28,"column":16}},"loc":{"start":{"line":28,"column":23},"end":{"line":31,"column":9}}}},"branchMap":{"0":{"loc":{"start":{"line":12,"column":4},"end":{"line":32,"column":5}},"type":"if","locations":[{"start":{"line":12,"column":4},"end":{"line":32,"column":5}},{"start":{"line":16,"column":11},"end":{"line":32,"column":5}}]}},"s":{"0":1,"1":1,"2":1,"3":1,"4":1,"5":1,"6":1,"7":1,"8":1,"9":1,"10":0,"11":0,"12":0,"13":1,"14":1,"15":1,"16":1,"17":1,"18":1,"19":0,"20":0,"21":1},"f":{"0":1,"1":1,"2":1,"3":0},"b":{"0":[0,1]}}
,"/Users/vladislavpolyak/Desktop/Assignment-1/src/controllers/comments_controller.ts": {"path":"/Users/vladislavpolyak/Desktop/Assignment-1/src/controllers/comments_controller.ts","statementMap":{"0":{"start":{"line":2,"column":0},"end":{"line":2,"column":45}},"1":{"start":{"line":5,"column":22},"end":{"line":21,"column":2}},"2":{"start":{"line":5,"column":60},"end":{"line":21,"column":2}},"3":{"start":{"line":6,"column":2},"end":{"line":20,"column":3}},"4":{"start":{"line":7,"column":40},"end":{"line":7,"column":48}},"5":{"start":{"line":9,"column":4},"end":{"line":11,"column":5}},"6":{"start":{"line":10,"column":6},"end":{"line":10,"column":74}},"7":{"start":{"line":13,"column":20},"end":{"line":13,"column":65}},"8":{"start":{"line":14,"column":4},"end":{"line":14,"column":25}},"9":{"start":{"line":15,"column":4},"end":{"line":15,"column":34}},"10":{"start":{"line":17,"column":4},"end":{"line":19,"column":71}},"11":{"start":{"line":24,"column":28},"end":{"line":40,"column":2}},"12":{"start":{"line":24,"column":66},"end":{"line":40,"column":2}},"13":{"start":{"line":25,"column":2},"end":{"line":39,"column":3}},"14":{"start":{"line":26,"column":23},"end":{"line":26,"column":33}},"15":{"start":{"line":28,"column":4},"end":{"line":30,"column":5}},"16":{"start":{"line":29,"column":6},"end":{"line":29,"column":70}},"17":{"start":{"line":32,"column":21},"end":{"line":32,"column":56}},"18":{"start":{"line":34,"column":4},"end":{"line":34,"column":35}},"19":{"start":{"line":36,"column":4},"end":{"line":38,"column":75}},"20":{"start":{"line":43,"column":23},"end":{"line":63,"column":2}},"21":{"start":{"line":43,"column":61},"end":{"line":63,"column":2}},"22":{"start":{"line":44,"column":2},"end":{"line":62,"column":3}},"23":{"start":{"line":45,"column":19},"end":{"line":45,"column":29}},"24":{"start":{"line":47,"column":4},"end":{"line":49,"column":5}},"25":{"start":{"line":48,"column":6},"end":{"line":48,"column":73}},"26":{"start":{"line":51,"column":20},"end":{"line":51,"column":51}},"27":{"start":{"line":53,"column":4},"end":{"line":55,"column":5}},"28":{"start":{"line":54,"column":6},"end":{"line":54,"column":68}},"29":{"start":{"line":57,"column":4},"end":{"line":57,"column":34}},"30":{"start":{"line":59,"column":4},"end":{"line":61,"column":76}},"31":{"start":{"line":66,"column":22},"end":{"line":93,"column":2}},"32":{"start":{"line":66,"column":60},"end":{"line":93,"column":2}},"33":{"start":{"line":67,"column":2},"end":{"line":92,"column":3}},"34":{"start":{"line":68,"column":19},"end":{"line":68,"column":29}},"35":{"start":{"line":69,"column":24},"end":{"line":69,"column":32}},"36":{"start":{"line":71,"column":4},"end":{"line":75,"column":5}},"37":{"start":{"line":72,"column":6},"end":{"line":74,"column":66}},"38":{"start":{"line":77,"column":27},"end":{"line":80,"column":null}},"39":{"start":{"line":83,"column":4},"end":{"line":85,"column":5}},"40":{"start":{"line":84,"column":6},"end":{"line":84,"column":68}},"41":{"start":{"line":87,"column":4},"end":{"line":87,"column":41}},"42":{"start":{"line":89,"column":4},"end":{"line":91,"column":71}},"43":{"start":{"line":96,"column":22},"end":{"line":118,"column":2}},"44":{"start":{"line":96,"column":60},"end":{"line":118,"column":2}},"45":{"start":{"line":97,"column":2},"end":{"line":117,"column":3}},"46":{"start":{"line":98,"column":19},"end":{"line":98,"column":29}},"47":{"start":{"line":100,"column":4},"end":{"line":102,"column":5}},"48":{"start":{"line":101,"column":6},"end":{"line":101,"column":73}},"49":{"start":{"line":104,"column":27},"end":{"line":104,"column":67}},"50":{"start":{"line":106,"column":4},"end":{"line":108,"column":5}},"51":{"start":{"line":107,"column":6},"end":{"line":107,"column":68}},"52":{"start":{"line":110,"column":4},"end":{"line":112,"column":73}},"53":{"start":{"line":114,"column":4},"end":{"line":116,"column":71}},"54":{"start":{"line":120,"column":0},"end":{"line":126,"column":2}}},"fnMap":{"0":{"name":"(anonymous_8)","decl":{"start":{"line":5,"column":22},"end":{"line":5,"column":29}},"loc":{"start":{"line":5,"column":60},"end":{"line":21,"column":2}}},"1":{"name":"(anonymous_9)","decl":{"start":{"line":5,"column":60},"end":{"line":5,"column":null}},"loc":{"start":{"line":5,"column":60},"end":{"line":21,"column":1}}},"2":{"name":"(anonymous_10)","decl":{"start":{"line":24,"column":28},"end":{"line":24,"column":35}},"loc":{"start":{"line":24,"column":66},"end":{"line":40,"column":2}}},"3":{"name":"(anonymous_11)","decl":{"start":{"line":24,"column":66},"end":{"line":24,"column":null}},"loc":{"start":{"line":24,"column":66},"end":{"line":40,"column":1}}},"4":{"name":"(anonymous_12)","decl":{"start":{"line":43,"column":23},"end":{"line":43,"column":30}},"loc":{"start":{"line":43,"column":61},"end":{"line":63,"column":2}}},"5":{"name":"(anonymous_13)","decl":{"start":{"line":43,"column":61},"end":{"line":43,"column":null}},"loc":{"start":{"line":43,"column":61},"end":{"line":63,"column":1}}},"6":{"name":"(anonymous_14)","decl":{"start":{"line":66,"column":22},"end":{"line":66,"column":29}},"loc":{"start":{"line":66,"column":60},"end":{"line":93,"column":2}}},"7":{"name":"(anonymous_15)","decl":{"start":{"line":66,"column":60},"end":{"line":66,"column":null}},"loc":{"start":{"line":66,"column":60},"end":{"line":93,"column":1}}},"8":{"name":"(anonymous_16)","decl":{"start":{"line":96,"column":22},"end":{"line":96,"column":29}},"loc":{"start":{"line":96,"column":60},"end":{"line":118,"column":2}}},"9":{"name":"(anonymous_17)","decl":{"start":{"line":96,"column":60},"end":{"line":96,"column":null}},"loc":{"start":{"line":96,"column":60},"end":{"line":118,"column":1}}}},"branchMap":{"0":{"loc":{"start":{"line":9,"column":4},"end":{"line":11,"column":5}},"type":"if","locations":[{"start":{"line":9,"column":4},"end":{"line":11,"column":5}}]},"1":{"loc":{"start":{"line":9,"column":8},"end":{"line":9,"column":38}},"type":"binary-expr","locations":[{"start":{"line":9,"column":8},"end":{"line":9,"column":15}},{"start":{"line":9,"column":19},"end":{"line":9,"column":27}},{"start":{"line":9,"column":31},"end":{"line":9,"column":38}}]},"2":{"loc":{"start":{"line":28,"column":4},"end":{"line":30,"column":5}},"type":"if","locations":[{"start":{"line":28,"column":4},"end":{"line":30,"column":5}}]},"3":{"loc":{"start":{"line":47,"column":4},"end":{"line":49,"column":5}},"type":"if","locations":[{"start":{"line":47,"column":4},"end":{"line":49,"column":5}}]},"4":{"loc":{"start":{"line":53,"column":4},"end":{"line":55,"column":5}},"type":"if","locations":[{"start":{"line":53,"column":4},"end":{"line":55,"column":5}}]},"5":{"loc":{"start":{"line":71,"column":4},"end":{"line":75,"column":5}},"type":"if","locations":[{"start":{"line":71,"column":4},"end":{"line":75,"column":5}}]},"6":{"loc":{"start":{"line":71,"column":8},"end":{"line":71,"column":23}},"type":"binary-expr","locations":[{"start":{"line":71,"column":8},"end":{"line":71,"column":11}},{"start":{"line":71,"column":15},"end":{"line":71,"column":23}}]},"7":{"loc":{"start":{"line":83,"column":4},"end":{"line":85,"column":5}},"type":"if","locations":[{"start":{"line":83,"column":4},"end":{"line":85,"column":5}}]},"8":{"loc":{"start":{"line":100,"column":4},"end":{"line":102,"column":5}},"type":"if","locations":[{"start":{"line":100,"column":4},"end":{"line":102,"column":5}}]},"9":{"loc":{"start":{"line":106,"column":4},"end":{"line":108,"column":5}},"type":"if","locations":[{"start":{"line":106,"column":4},"end":{"line":108,"column":5}}]}},"s":{"0":1,"1":1,"2":3,"3":3,"4":3,"5":3,"6":2,"7":1,"8":1,"9":1,"10":0,"11":1,"12":0,"13":0,"14":0,"15":0,"16":0,"17":0,"18":0,"19":0,"20":1,"21":1,"22":1,"23":1,"24":1,"25":0,"26":1,"27":1,"28":0,"29":1,"30":0,"31":1,"32":3,"33":3,"34":3,"35":3,"36":3,"37":0,"38":3,"39":2,"40":1,"41":1,"42":1,"43":1,"44":2,"45":2,"46":2,"47":2,"48":0,"49":2,"50":1,"51":0,"52":1,"53":1,"54":1},"f":{"0":3,"1":3,"2":0,"3":0,"4":1,"5":1,"6":3,"7":3,"8":2,"9":2},"b":{"0":[2],"1":[3,1,1],"2":[0],"3":[0],"4":[0],"5":[0],"6":[3,3],"7":[1],"8":[0],"9":[0]}}
,"/Users/vladislavpolyak/Desktop/Assignment-1/src/controllers/posts_controller.ts": {"path":"/Users/vladislavpolyak/Desktop/Assignment-1/src/controllers/posts_controller.ts","statementMap":{"0":{"start":{"line":2,"column":0},"end":{"line":2,"column":39}},"1":{"start":{"line":4,"column":19},"end":{"line":20,"column":2}},"2":{"start":{"line":4,"column":57},"end":{"line":20,"column":2}},"3":{"start":{"line":5,"column":2},"end":{"line":19,"column":3}},"4":{"start":{"line":6,"column":41},"end":{"line":6,"column":49}},"5":{"start":{"line":8,"column":4},"end":{"line":10,"column":5}},"6":{"start":{"line":9,"column":6},"end":{"line":9,"column":74}},"7":{"start":{"line":12,"column":17},"end":{"line":12,"column":60}},"8":{"start":{"line":13,"column":4},"end":{"line":13,"column":22}},"9":{"start":{"line":14,"column":4},"end":{"line":14,"column":31}},"10":{"start":{"line":16,"column":4},"end":{"line":18,"column":68}},"11":{"start":{"line":23,"column":20},"end":{"line":32,"column":2}},"12":{"start":{"line":23,"column":58},"end":{"line":32,"column":2}},"13":{"start":{"line":24,"column":2},"end":{"line":31,"column":3}},"14":{"start":{"line":25,"column":18},"end":{"line":25,"column":40}},"15":{"start":{"line":26,"column":4},"end":{"line":26,"column":32}},"16":{"start":{"line":28,"column":4},"end":{"line":30,"column":72}},"17":{"start":{"line":35,"column":20},"end":{"line":50,"column":2}},"18":{"start":{"line":35,"column":58},"end":{"line":50,"column":2}},"19":{"start":{"line":36,"column":2},"end":{"line":49,"column":3}},"20":{"start":{"line":37,"column":19},"end":{"line":37,"column":29}},"21":{"start":{"line":38,"column":17},"end":{"line":38,"column":45}},"22":{"start":{"line":40,"column":4},"end":{"line":42,"column":5}},"23":{"start":{"line":41,"column":6},"end":{"line":41,"column":65}},"24":{"start":{"line":44,"column":4},"end":{"line":44,"column":31}},"25":{"start":{"line":46,"column":4},"end":{"line":48,"column":73}},"26":{"start":{"line":53,"column":27},"end":{"line":70,"column":2}},"27":{"start":{"line":53,"column":65},"end":{"line":70,"column":2}},"28":{"start":{"line":54,"column":2},"end":{"line":69,"column":3}},"29":{"start":{"line":55,"column":18},"end":{"line":55,"column":73}},"30":{"start":{"line":57,"column":4},"end":{"line":61,"column":5}},"31":{"start":{"line":58,"column":6},"end":{"line":60,"column":61}},"32":{"start":{"line":63,"column":4},"end":{"line":63,"column":32}},"33":{"start":{"line":65,"column":4},"end":{"line":68,"column":7}},"34":{"start":{"line":73,"column":19},"end":{"line":99,"column":2}},"35":{"start":{"line":73,"column":57},"end":{"line":99,"column":2}},"36":{"start":{"line":74,"column":2},"end":{"line":98,"column":3}},"37":{"start":{"line":75,"column":31},"end":{"line":75,"column":39}},"38":{"start":{"line":77,"column":4},"end":{"line":81,"column":5}},"39":{"start":{"line":78,"column":6},"end":{"line":80,"column":61}},"40":{"start":{"line":83,"column":24},"end":{"line":86,"column":null}},"41":{"start":{"line":89,"column":4},"end":{"line":91,"column":5}},"42":{"start":{"line":90,"column":6},"end":{"line":90,"column":65}},"43":{"start":{"line":93,"column":4},"end":{"line":93,"column":38}},"44":{"start":{"line":95,"column":4},"end":{"line":97,"column":68}},"45":{"start":{"line":101,"column":0},"end":{"line":107,"column":2}}},"fnMap":{"0":{"name":"(anonymous_8)","decl":{"start":{"line":4,"column":19},"end":{"line":4,"column":26}},"loc":{"start":{"line":4,"column":57},"end":{"line":20,"column":2}}},"1":{"name":"(anonymous_9)","decl":{"start":{"line":4,"column":57},"end":{"line":4,"column":null}},"loc":{"start":{"line":4,"column":57},"end":{"line":20,"column":1}}},"2":{"name":"(anonymous_10)","decl":{"start":{"line":23,"column":20},"end":{"line":23,"column":27}},"loc":{"start":{"line":23,"column":58},"end":{"line":32,"column":2}}},"3":{"name":"(anonymous_11)","decl":{"start":{"line":23,"column":58},"end":{"line":23,"column":null}},"loc":{"start":{"line":23,"column":58},"end":{"line":32,"column":1}}},"4":{"name":"(anonymous_12)","decl":{"start":{"line":35,"column":20},"end":{"line":35,"column":27}},"loc":{"start":{"line":35,"column":58},"end":{"line":50,"column":2}}},"5":{"name":"(anonymous_13)","decl":{"start":{"line":35,"column":58},"end":{"line":35,"column":null}},"loc":{"start":{"line":35,"column":58},"end":{"line":50,"column":1}}},"6":{"name":"(anonymous_14)","decl":{"start":{"line":53,"column":27},"end":{"line":53,"column":34}},"loc":{"start":{"line":53,"column":65},"end":{"line":70,"column":2}}},"7":{"name":"(anonymous_15)","decl":{"start":{"line":53,"column":65},"end":{"line":53,"column":null}},"loc":{"start":{"line":53,"column":65},"end":{"line":70,"column":1}}},"8":{"name":"(anonymous_16)","decl":{"start":{"line":73,"column":19},"end":{"line":73,"column":26}},"loc":{"start":{"line":73,"column":57},"end":{"line":99,"column":2}}},"9":{"name":"(anonymous_17)","decl":{"start":{"line":73,"column":57},"end":{"line":73,"column":null}},"loc":{"start":{"line":73,"column":57},"end":{"line":99,"column":1}}}},"branchMap":{"0":{"loc":{"start":{"line":8,"column":4},"end":{"line":10,"column":5}},"type":"if","locations":[{"start":{"line":8,"column":4},"end":{"line":10,"column":5}}]},"1":{"loc":{"start":{"line":8,"column":8},"end":{"line":8,"column":39}},"type":"binary-expr","locations":[{"start":{"line":8,"column":8},"end":{"line":8,"column":14}},{"start":{"line":8,"column":18},"end":{"line":8,"column":26}},{"start":{"line":8,"column":30},"end":{"line":8,"column":39}}]},"2":{"loc":{"start":{"line":40,"column":4},"end":{"line":42,"column":5}},"type":"if","locations":[{"start":{"line":40,"column":4},"end":{"line":42,"column":5}}]},"3":{"loc":{"start":{"line":57,"column":4},"end":{"line":61,"column":5}},"type":"if","locations":[{"start":{"line":57,"column":4},"end":{"line":61,"column":5}}]},"4":{"loc":{"start":{"line":77,"column":4},"end":{"line":81,"column":5}},"type":"if","locations":[{"start":{"line":77,"column":4},"end":{"line":81,"column":5}}]},"5":{"loc":{"start":{"line":77,"column":8},"end":{"line":77,"column":26}},"type":"binary-expr","locations":[{"start":{"line":77,"column":8},"end":{"line":77,"column":14}},{"start":{"line":77,"column":18},"end":{"line":77,"column":26}}]},"6":{"loc":{"start":{"line":89,"column":4},"end":{"line":91,"column":5}},"type":"if","locations":[{"start":{"line":89,"column":4},"end":{"line":91,"column":5}}]}},"s":{"0":1,"1":1,"2":2,"3":2,"4":2,"5":2,"6":1,"7":1,"8":1,"9":1,"10":0,"11":1,"12":2,"13":2,"14":2,"15":2,"16":0,"17":1,"18":3,"19":3,"20":3,"21":3,"22":2,"23":1,"24":1,"25":1,"26":1,"27":2,"28":2,"29":2,"30":2,"31":1,"32":1,"33":0,"34":1,"35":3,"36":3,"37":3,"38":3,"39":1,"40":2,"41":2,"42":1,"43":1,"44":0,"45":1},"f":{"0":2,"1":2,"2":2,"3":2,"4":3,"5":3,"6":2,"7":2,"8":3,"9":3},"b":{"0":[1],"1":[2,2,1],"2":[1],"3":[1],"4":[1],"5":[3,2],"6":[1]}}
,"/Users/vladislavpolyak/Desktop/Assignment-1/src/models/Comment.ts": {"path":"/Users/vladislavpolyak/Desktop/Assignment-1/src/models/Comment.ts","statementMap":{"0":{"start":{"line":1,"column":0},"end":{"line":1,"column":32}},"1":{"start":{"line":3,"column":22},"end":{"line":21,"column":2}},"2":{"start":{"line":22,"column":21},"end":{"line":22,"column":61}},"3":{"start":{"line":24,"column":0},"end":{"line":24,"column":28}}},"fnMap":{},"branchMap":{},"s":{"0":1,"1":1,"2":1,"3":1},"f":{},"b":{}}
,"/Users/vladislavpolyak/Desktop/Assignment-1/src/models/Post.ts": {"path":"/Users/vladislavpolyak/Desktop/Assignment-1/src/models/Post.ts","statementMap":{"0":{"start":{"line":1,"column":0},"end":{"line":1,"column":32}},"1":{"start":{"line":3,"column":19},"end":{"line":20,"column":2}},"2":{"start":{"line":21,"column":18},"end":{"line":21,"column":52}},"3":{"start":{"line":23,"column":0},"end":{"line":23,"column":25}}},"fnMap":{},"branchMap":{},"s":{"0":1,"1":1,"2":1,"3":1},"f":{},"b":{}}
,"/Users/vladislavpolyak/Desktop/Assignment-1/src/routes/comments.ts": {"path":"/Users/vladislavpolyak/Desktop/Assignment-1/src/routes/comments.ts","statementMap":{"0":{"start":{"line":1,"column":0},"end":{"line":1,"column":30}},"1":{"start":{"line":2,"column":15},"end":{"line":2,"column":31}},"2":{"start":{"line":3,"column":0},"end":{"line":3,"column":58}},"3":{"start":{"line":5,"column":0},"end":{"line":7,"column":3}},"4":{"start":{"line":6,"column":2},"end":{"line":6,"column":35}},"5":{"start":{"line":8,"column":0},"end":{"line":10,"column":3}},"6":{"start":{"line":9,"column":2},"end":{"line":9,"column":41}},"7":{"start":{"line":11,"column":0},"end":{"line":13,"column":3}},"8":{"start":{"line":12,"column":2},"end":{"line":12,"column":36}},"9":{"start":{"line":14,"column":0},"end":{"line":16,"column":3}},"10":{"start":{"line":15,"column":2},"end":{"line":15,"column":35}},"11":{"start":{"line":17,"column":0},"end":{"line":19,"column":3}},"12":{"start":{"line":18,"column":2},"end":{"line":18,"column":35}},"13":{"start":{"line":21,"column":0},"end":{"line":21,"column":22}}},"fnMap":{"0":{"name":"(anonymous_1)","decl":{"start":{"line":5,"column":17},"end":{"line":5,"column":18}},"loc":{"start":{"line":5,"column":30},"end":{"line":7,"column":1}}},"1":{"name":"(anonymous_2)","decl":{"start":{"line":8,"column":23},"end":{"line":8,"column":24}},"loc":{"start":{"line":8,"column":36},"end":{"line":10,"column":1}}},"2":{"name":"(anonymous_3)","decl":{"start":{"line":11,"column":28},"end":{"line":11,"column":29}},"loc":{"start":{"line":11,"column":41},"end":{"line":13,"column":1}}},"3":{"name":"(anonymous_4)","decl":{"start":{"line":14,"column":19},"end":{"line":14,"column":20}},"loc":{"start":{"line":14,"column":32},"end":{"line":16,"column":1}}},"4":{"name":"(anonymous_5)","decl":{"start":{"line":17,"column":22},"end":{"line":17,"column":23}},"loc":{"start":{"line":17,"column":35},"end":{"line":19,"column":1}}}},"branchMap":{},"s":{"0":1,"1":1,"2":1,"3":1,"4":3,"5":1,"6":0,"7":1,"8":1,"9":1,"10":3,"11":1,"12":2,"13":1},"f":{"0":3,"1":0,"2":1,"3":3,"4":2},"b":{}}
,"/Users/vladislavpolyak/Desktop/Assignment-1/src/routes/posts.ts": {"path":"/Users/vladislavpolyak/Desktop/Assignment-1/src/routes/posts.ts","statementMap":{"0":{"start":{"line":1,"column":0},"end":{"line":1,"column":30}},"1":{"start":{"line":2,"column":15},"end":{"line":2,"column":31}},"2":{"start":{"line":3,"column":0},"end":{"line":3,"column":51}},"3":{"start":{"line":5,"column":0},"end":{"line":7,"column":3}},"4":{"start":{"line":6,"column":2},"end":{"line":6,"column":28}},"5":{"start":{"line":8,"column":0},"end":{"line":8,"column":34}},"6":{"start":{"line":9,"column":0},"end":{"line":11,"column":3}},"7":{"start":{"line":10,"column":2},"end":{"line":10,"column":29}},"8":{"start":{"line":12,"column":0},"end":{"line":14,"column":3}},"9":{"start":{"line":13,"column":2},"end":{"line":13,"column":36}},"10":{"start":{"line":15,"column":0},"end":{"line":17,"column":3}},"11":{"start":{"line":16,"column":2},"end":{"line":16,"column":28}},"12":{"start":{"line":19,"column":0},"end":{"line":19,"column":22}}},"fnMap":{"0":{"name":"(anonymous_1)","decl":{"start":{"line":5,"column":17},"end":{"line":5,"column":18}},"loc":{"start":{"line":5,"column":30},"end":{"line":7,"column":1}}},"1":{"name":"(anonymous_2)","decl":{"start":{"line":9,"column":19},"end":{"line":9,"column":20}},"loc":{"start":{"line":9,"column":32},"end":{"line":11,"column":1}}},"2":{"name":"(anonymous_3)","decl":{"start":{"line":12,"column":32},"end":{"line":12,"column":33}},"loc":{"start":{"line":12,"column":45},"end":{"line":14,"column":1}}},"3":{"name":"(anonymous_4)","decl":{"start":{"line":15,"column":19},"end":{"line":15,"column":20}},"loc":{"start":{"line":15,"column":32},"end":{"line":17,"column":1}}}},"branchMap":{},"s":{"0":1,"1":1,"2":1,"3":1,"4":2,"5":1,"6":1,"7":3,"8":1,"9":2,"10":1,"11":3,"12":1},"f":{"0":2,"1":3,"2":2,"3":3},"b":{}}
}
