{"C:\\Users\\Dor Matana\\OneDrive\\Desktop\\דור לימודים\\שנה 3\\Assignment-1-vlad dor\\Assignment-1\\src\\server.ts": {"path":"C:\\Users\\Dor Matana\\OneDrive\\Desktop\\דור לימודים\\שנה 3\\Assignment-1-vlad dor\\Assignment-1\\src\\server.ts","statementMap":{"0":{"start":{"line":1,"column":0},"end":{"line":1,"column":27}},"1":{"start":{"line":2,"column":0},"end":{"line":2,"column":43}},"2":{"start":{"line":3,"column":0},"end":{"line":3,"column":32}},"3":{"start":{"line":4,"column":0},"end":{"line":4,"column":37}},"4":{"start":{"line":5,"column":0},"end":{"line":5,"column":40}},"5":{"start":{"line":6,"column":0},"end":{"line":6,"column":46}},"6":{"start":{"line":7,"column":0},"end":{"line":7,"column":45}},"7":{"start":{"line":8,"column":0},"end":{"line":8,"column":41}},"8":{"start":{"line":9,"column":0},"end":{"line":9,"column":43}},"9":{"start":{"line":10,"column":12},"end":{"line":10,"column":21}},"10":{"start":{"line":11,"column":13},"end":{"line":11,"column":28}},"11":{"start":{"line":12,"column":0},"end":{"line":12,"column":16}},"12":{"start":{"line":13,"column":0},"end":{"line":13,"column":27}},"13":{"start":{"line":14,"column":0},"end":{"line":14,"column":30}},"14":{"start":{"line":15,"column":0},"end":{"line":15,"column":36}},"15":{"start":{"line":16,"column":0},"end":{"line":16,"column":29}},"16":{"start":{"line":17,"column":16},"end":{"line":28,"column":2}},"17":{"start":{"line":29,"column":14},"end":{"line":29,"column":35}},"18":{"start":{"line":30,"column":0},"end":{"line":30,"column":62}},"19":{"start":{"line":33,"column":16},"end":{"line":58,"column":1}},"20":{"start":{"line":34,"column":2},"end":{"line":57,"column":5}},"21":{"start":{"line":35,"column":4},"end":{"line":56,"column":5}},"22":{"start":{"line":36,"column":6},"end":{"line":36,"column":49}},"23":{"start":{"line":37,"column":6},"end":{"line":37,"column":42}},"24":{"start":{"line":38,"column":6},"end":{"line":38,"column":13}},"25":{"start":{"line":40,"column":6},"end":{"line":55,"column":11}},"26":{"start":{"line":43,"column":10},"end":{"line":43,"column":47}},"27":{"start":{"line":45,"column":10},"end":{"line":45,"column":37}},"28":{"start":{"line":46,"column":10},"end":{"line":46,"column":40}},"29":{"start":{"line":47,"column":10},"end":{"line":47,"column":46}},"30":{"start":{"line":48,"column":10},"end":{"line":48,"column":39}},"31":{"start":{"line":50,"column":10},"end":{"line":50,"column":23}},"32":{"start":{"line":53,"column":10},"end":{"line":53,"column":59}},"33":{"start":{"line":54,"column":10},"end":{"line":54,"column":22}},"34":{"start":{"line":60,"column":0},"end":{"line":60,"column":23}}},"fnMap":{"0":{"name":"(anonymous_1)","decl":{"start":{"line":33,"column":16},"end":{"line":33,"column":19}},"loc":{"start":{"line":33,"column":21},"end":{"line":58,"column":1}}},"1":{"name":"(anonymous_2)","decl":{"start":{"line":34,"column":30},"end":{"line":34,"column":31}},"loc":{"start":{"line":34,"column":50},"end":{"line":57,"column":3}}},"2":{"name":"(anonymous_3)","decl":{"start":{"line":42,"column":14},"end":{"line":42,"column":17}},"loc":{"start":{"line":42,"column":19},"end":{"line":51,"column":9}}},"3":{"name":"(anonymous_4)","decl":{"start":{"line":52,"column":15},"end":{"line":52,"column":16}},"loc":{"start":{"line":52,"column":23},"end":{"line":55,"column":9}}}},"branchMap":{"0":{"loc":{"start":{"line":35,"column":4},"end":{"line":56,"column":5}},"type":"if","locations":[{"start":{"line":35,"column":4},"end":{"line":56,"column":5}},{"start":{"line":39,"column":11},"end":{"line":56,"column":5}}]}},"s":{"0":4,"1":4,"2":4,"3":4,"4":4,"5":4,"6":4,"7":4,"8":4,"9":4,"10":4,"11":4,"12":4,"13":4,"14":4,"15":4,"16":4,"17":4,"18":4,"19":4,"20":5,"21":5,"22":1,"23":1,"24":1,"25":4,"26":4,"27":4,"28":4,"29":4,"30":4,"31":4,"32":0,"33":0,"34":4},"f":{"0":5,"1":5,"2":4,"3":0},"b":{"0":[1,4]}}
,"C:\\Users\\Dor Matana\\OneDrive\\Desktop\\דור לימודים\\שנה 3\\Assignment-1-vlad dor\\Assignment-1\\src\\controllers\\auth_controller.ts": {"path":"C:\\Users\\Dor Matana\\OneDrive\\Desktop\\דור לימודים\\שנה 3\\Assignment-1-vlad dor\\Assignment-1\\src\\controllers\\auth_controller.ts","statementMap":{"0":{"start":{"line":2,"column":0},"end":{"line":2,"column":57}},"1":{"start":{"line":3,"column":0},"end":{"line":3,"column":28}},"2":{"start":{"line":4,"column":0},"end":{"line":4,"column":31}},"3":{"start":{"line":7,"column":17},"end":{"line":20,"column":2}},"4":{"start":{"line":7,"column":55},"end":{"line":20,"column":2}},"5":{"start":{"line":8,"column":4},"end":{"line":19,"column":5}},"6":{"start":{"line":9,"column":25},"end":{"line":9,"column":42}},"7":{"start":{"line":10,"column":21},"end":{"line":10,"column":45}},"8":{"start":{"line":11,"column":31},"end":{"line":11,"column":64}},"9":{"start":{"line":12,"column":21},"end":{"line":15,"column":10}},"10":{"start":{"line":16,"column":8},"end":{"line":16,"column":35}},"11":{"start":{"line":18,"column":8},"end":{"line":18,"column":34}},"12":{"start":{"line":27,"column":22},"end":{"line":50,"column":1}},"13":{"start":{"line":28,"column":4},"end":{"line":30,"column":5}},"14":{"start":{"line":29,"column":8},"end":{"line":29,"column":20}},"15":{"start":{"line":32,"column":19},"end":{"line":32,"column":43}},"16":{"start":{"line":33,"column":24},"end":{"line":38,"column":49}},"17":{"start":{"line":40,"column":25},"end":{"line":45,"column":57}},"18":{"start":{"line":46,"column":4},"end":{"line":49,"column":6}},"19":{"start":{"line":51,"column":14},"end":{"line":88,"column":2}},"20":{"start":{"line":51,"column":52},"end":{"line":88,"column":2}},"21":{"start":{"line":52,"column":4},"end":{"line":87,"column":5}},"22":{"start":{"line":53,"column":21},"end":{"line":53,"column":71}},"23":{"start":{"line":54,"column":8},"end":{"line":57,"column":9}},"24":{"start":{"line":55,"column":12},"end":{"line":55,"column":63}},"25":{"start":{"line":56,"column":12},"end":{"line":56,"column":19}},"26":{"start":{"line":58,"column":30},"end":{"line":58,"column":84}},"27":{"start":{"line":59,"column":8},"end":{"line":62,"column":9}},"28":{"start":{"line":60,"column":12},"end":{"line":60,"column":63}},"29":{"start":{"line":61,"column":12},"end":{"line":61,"column":19}},"30":{"start":{"line":63,"column":8},"end":{"line":66,"column":9}},"31":{"start":{"line":64,"column":12},"end":{"line":64,"column":49}},"32":{"start":{"line":65,"column":12},"end":{"line":65,"column":19}},"33":{"start":{"line":68,"column":23},"end":{"line":68,"column":46}},"34":{"start":{"line":69,"column":8},"end":{"line":72,"column":9}},"35":{"start":{"line":70,"column":12},"end":{"line":70,"column":49}},"36":{"start":{"line":71,"column":12},"end":{"line":71,"column":19}},"37":{"start":{"line":73,"column":8},"end":{"line":75,"column":9}},"38":{"start":{"line":74,"column":12},"end":{"line":74,"column":35}},"39":{"start":{"line":76,"column":8},"end":{"line":76,"column":52}},"40":{"start":{"line":77,"column":8},"end":{"line":77,"column":26}},"41":{"start":{"line":78,"column":8},"end":{"line":83,"column":15}},"42":{"start":{"line":86,"column":8},"end":{"line":86,"column":34}},"43":{"start":{"line":95,"column":27},"end":{"line":137,"column":1}},"44":{"start":{"line":96,"column":4},"end":{"line":136,"column":7}},"45":{"start":{"line":98,"column":8},"end":{"line":101,"column":9}},"46":{"start":{"line":99,"column":12},"end":{"line":99,"column":27}},"47":{"start":{"line":100,"column":12},"end":{"line":100,"column":19}},"48":{"start":{"line":103,"column":8},"end":{"line":106,"column":9}},"49":{"start":{"line":104,"column":12},"end":{"line":104,"column":27}},"50":{"start":{"line":105,"column":12},"end":{"line":105,"column":19}},"51":{"start":{"line":107,"column":8},"end":{"line":135,"column":11}},"52":{"start":{"line":107,"column":92},"end":{"line":135,"column":10}},"53":{"start":{"line":108,"column":12},"end":{"line":111,"column":13}},"54":{"start":{"line":109,"column":16},"end":{"line":109,"column":31}},"55":{"start":{"line":110,"column":16},"end":{"line":110,"column":22}},"56":{"start":{"line":113,"column":27},"end":{"line":113,"column":38}},"57":{"start":{"line":114,"column":12},"end":{"line":134,"column":13}},"58":{"start":{"line":116,"column":29},"end":{"line":116,"column":61}},"59":{"start":{"line":117,"column":16},"end":{"line":120,"column":17}},"60":{"start":{"line":118,"column":20},"end":{"line":118,"column":35}},"61":{"start":{"line":119,"column":20},"end":{"line":119,"column":27}},"62":{"start":{"line":121,"column":16},"end":{"line":126,"column":17}},"63":{"start":{"line":122,"column":20},"end":{"line":122,"column":43}},"64":{"start":{"line":123,"column":20},"end":{"line":123,"column":38}},"65":{"start":{"line":124,"column":20},"end":{"line":124,"column":35}},"66":{"start":{"line":125,"column":20},"end":{"line":125,"column":27}},"67":{"start":{"line":127,"column":31},"end":{"line":127,"column":91}},"68":{"start":{"line":127,"column":68},"end":{"line":127,"column":90}},"69":{"start":{"line":128,"column":16},"end":{"line":128,"column":43}},"70":{"start":{"line":130,"column":16},"end":{"line":130,"column":30}},"71":{"start":{"line":132,"column":16},"end":{"line":132,"column":31}},"72":{"start":{"line":133,"column":16},"end":{"line":133,"column":23}},"73":{"start":{"line":139,"column":15},"end":{"line":147,"column":2}},"74":{"start":{"line":139,"column":53},"end":{"line":147,"column":2}},"75":{"start":{"line":140,"column":4},"end":{"line":146,"column":5}},"76":{"start":{"line":141,"column":21},"end":{"line":141,"column":68}},"77":{"start":{"line":142,"column":8},"end":{"line":142,"column":26}},"78":{"start":{"line":143,"column":8},"end":{"line":143,"column":40}},"79":{"start":{"line":145,"column":8},"end":{"line":145,"column":37}},"80":{"start":{"line":149,"column":16},"end":{"line":178,"column":2}},"81":{"start":{"line":149,"column":54},"end":{"line":178,"column":2}},"82":{"start":{"line":150,"column":4},"end":{"line":177,"column":5}},"83":{"start":{"line":151,"column":8},"end":{"line":154,"column":9}},"84":{"start":{"line":152,"column":12},"end":{"line":152,"column":41}},"85":{"start":{"line":153,"column":12},"end":{"line":153,"column":19}},"86":{"start":{"line":155,"column":21},"end":{"line":155,"column":68}},"87":{"start":{"line":157,"column":23},"end":{"line":157,"column":46}},"88":{"start":{"line":159,"column":8},"end":{"line":162,"column":9}},"89":{"start":{"line":160,"column":12},"end":{"line":160,"column":49}},"90":{"start":{"line":161,"column":12},"end":{"line":161,"column":19}},"91":{"start":{"line":163,"column":8},"end":{"line":165,"column":9}},"92":{"start":{"line":164,"column":12},"end":{"line":164,"column":35}},"93":{"start":{"line":166,"column":8},"end":{"line":166,"column":52}},"94":{"start":{"line":167,"column":8},"end":{"line":167,"column":26}},"95":{"start":{"line":168,"column":8},"end":{"line":173,"column":15}},"96":{"start":{"line":176,"column":8},"end":{"line":176,"column":37}},"97":{"start":{"line":184,"column":30},"end":{"line":205,"column":1}},"98":{"start":{"line":185,"column":26},"end":{"line":185,"column":53}},"99":{"start":{"line":186,"column":18},"end":{"line":186,"column":62}},"100":{"start":{"line":188,"column":4},"end":{"line":191,"column":5}},"101":{"start":{"line":189,"column":8},"end":{"line":189,"column":46}},"102":{"start":{"line":190,"column":8},"end":{"line":190,"column":15}},"103":{"start":{"line":192,"column":4},"end":{"line":195,"column":5}},"104":{"start":{"line":193,"column":8},"end":{"line":193,"column":45}},"105":{"start":{"line":194,"column":8},"end":{"line":194,"column":15}},"106":{"start":{"line":197,"column":4},"end":{"line":204,"column":7}},"107":{"start":{"line":198,"column":8},"end":{"line":201,"column":9}},"108":{"start":{"line":199,"column":12},"end":{"line":199,"column":50}},"109":{"start":{"line":200,"column":12},"end":{"line":200,"column":19}},"110":{"start":{"line":202,"column":8},"end":{"line":202,"column":53}},"111":{"start":{"line":203,"column":8},"end":{"line":203,"column":15}},"112":{"start":{"line":184,"column":13},"end":{"line":184,"column":30}},"113":{"start":{"line":207,"column":0},"end":{"line":212,"column":2}}},"fnMap":{"0":{"name":"(anonymous_8)","decl":{"start":{"line":7,"column":17},"end":{"line":7,"column":24}},"loc":{"start":{"line":7,"column":55},"end":{"line":20,"column":2}}},"1":{"name":"(anonymous_9)","decl":{"start":{"line":7,"column":55},"end":{"line":7,"column":null}},"loc":{"start":{"line":7,"column":55},"end":{"line":20,"column":1}}},"2":{"name":"(anonymous_10)","decl":{"start":{"line":27,"column":22},"end":{"line":27,"column":23}},"loc":{"start":{"line":27,"column":57},"end":{"line":50,"column":1}}},"3":{"name":"(anonymous_11)","decl":{"start":{"line":51,"column":14},"end":{"line":51,"column":21}},"loc":{"start":{"line":51,"column":52},"end":{"line":88,"column":2}}},"4":{"name":"(anonymous_12)","decl":{"start":{"line":51,"column":52},"end":{"line":51,"column":null}},"loc":{"start":{"line":51,"column":52},"end":{"line":88,"column":1}}},"5":{"name":"(anonymous_13)","decl":{"start":{"line":95,"column":27},"end":{"line":95,"column":28}},"loc":{"start":{"line":95,"column":64},"end":{"line":137,"column":1}}},"6":{"name":"(anonymous_14)","decl":{"start":{"line":96,"column":30},"end":{"line":96,"column":31}},"loc":{"start":{"line":96,"column":50},"end":{"line":136,"column":5}}},"7":{"name":"(anonymous_15)","decl":{"start":{"line":107,"column":59},"end":{"line":107,"column":66}},"loc":{"start":{"line":107,"column":92},"end":{"line":135,"column":10}}},"8":{"name":"(anonymous_16)","decl":{"start":{"line":107,"column":92},"end":{"line":107,"column":null}},"loc":{"start":{"line":107,"column":92},"end":{"line":135,"column":9}}},"9":{"name":"(anonymous_17)","decl":{"start":{"line":127,"column":57},"end":{"line":127,"column":58}},"loc":{"start":{"line":127,"column":68},"end":{"line":127,"column":90}}},"10":{"name":"(anonymous_18)","decl":{"start":{"line":139,"column":15},"end":{"line":139,"column":22}},"loc":{"start":{"line":139,"column":53},"end":{"line":147,"column":2}}},"11":{"name":"(anonymous_19)","decl":{"start":{"line":139,"column":53},"end":{"line":139,"column":null}},"loc":{"start":{"line":139,"column":53},"end":{"line":147,"column":1}}},"12":{"name":"(anonymous_20)","decl":{"start":{"line":149,"column":16},"end":{"line":149,"column":23}},"loc":{"start":{"line":149,"column":54},"end":{"line":178,"column":2}}},"13":{"name":"(anonymous_21)","decl":{"start":{"line":149,"column":54},"end":{"line":149,"column":null}},"loc":{"start":{"line":149,"column":54},"end":{"line":178,"column":1}}},"14":{"name":"(anonymous_22)","decl":{"start":{"line":184,"column":30},"end":{"line":184,"column":31}},"loc":{"start":{"line":184,"column":82},"end":{"line":205,"column":1}}},"15":{"name":"(anonymous_23)","decl":{"start":{"line":197,"column":48},"end":{"line":197,"column":49}},"loc":{"start":{"line":197,"column":65},"end":{"line":204,"column":5}}}},"branchMap":{"0":{"loc":{"start":{"line":28,"column":4},"end":{"line":30,"column":5}},"type":"if","locations":[{"start":{"line":28,"column":4},"end":{"line":30,"column":5}}]},"1":{"loc":{"start":{"line":54,"column":8},"end":{"line":57,"column":9}},"type":"if","locations":[{"start":{"line":54,"column":8},"end":{"line":57,"column":9}}]},"2":{"loc":{"start":{"line":59,"column":8},"end":{"line":62,"column":9}},"type":"if","locations":[{"start":{"line":59,"column":8},"end":{"line":62,"column":9}}]},"3":{"loc":{"start":{"line":63,"column":8},"end":{"line":66,"column":9}},"type":"if","locations":[{"start":{"line":63,"column":8},"end":{"line":66,"column":9}}]},"4":{"loc":{"start":{"line":69,"column":8},"end":{"line":72,"column":9}},"type":"if","locations":[{"start":{"line":69,"column":8},"end":{"line":72,"column":9}}]},"5":{"loc":{"start":{"line":73,"column":8},"end":{"line":75,"column":9}},"type":"if","locations":[{"start":{"line":73,"column":8},"end":{"line":75,"column":9}}]},"6":{"loc":{"start":{"line":98,"column":8},"end":{"line":101,"column":9}},"type":"if","locations":[{"start":{"line":98,"column":8},"end":{"line":101,"column":9}}]},"7":{"loc":{"start":{"line":103,"column":8},"end":{"line":106,"column":9}},"type":"if","locations":[{"start":{"line":103,"column":8},"end":{"line":106,"column":9}}]},"8":{"loc":{"start":{"line":108,"column":12},"end":{"line":111,"column":13}},"type":"if","locations":[{"start":{"line":108,"column":12},"end":{"line":111,"column":13}}]},"9":{"loc":{"start":{"line":117,"column":16},"end":{"line":120,"column":17}},"type":"if","locations":[{"start":{"line":117,"column":16},"end":{"line":120,"column":17}}]},"10":{"loc":{"start":{"line":121,"column":16},"end":{"line":126,"column":17}},"type":"if","locations":[{"start":{"line":121,"column":16},"end":{"line":126,"column":17}}]},"11":{"loc":{"start":{"line":121,"column":20},"end":{"line":121,"column":83}},"type":"binary-expr","locations":[{"start":{"line":121,"column":20},"end":{"line":121,"column":38}},{"start":{"line":121,"column":42},"end":{"line":121,"column":83}}]},"12":{"loc":{"start":{"line":151,"column":8},"end":{"line":154,"column":9}},"type":"if","locations":[{"start":{"line":151,"column":8},"end":{"line":154,"column":9}}]},"13":{"loc":{"start":{"line":159,"column":8},"end":{"line":162,"column":9}},"type":"if","locations":[{"start":{"line":159,"column":8},"end":{"line":162,"column":9}}]},"14":{"loc":{"start":{"line":163,"column":8},"end":{"line":165,"column":9}},"type":"if","locations":[{"start":{"line":163,"column":8},"end":{"line":165,"column":9}}]},"15":{"loc":{"start":{"line":186,"column":18},"end":{"line":186,"column":62}},"type":"binary-expr","locations":[{"start":{"line":186,"column":18},"end":{"line":186,"column":31}},{"start":{"line":186,"column":35},"end":{"line":186,"column":62}}]},"16":{"loc":{"start":{"line":188,"column":4},"end":{"line":191,"column":5}},"type":"if","locations":[{"start":{"line":188,"column":4},"end":{"line":191,"column":5}}]},"17":{"loc":{"start":{"line":192,"column":4},"end":{"line":195,"column":5}},"type":"if","locations":[{"start":{"line":192,"column":4},"end":{"line":195,"column":5}}]},"18":{"loc":{"start":{"line":198,"column":8},"end":{"line":201,"column":9}},"type":"if","locations":[{"start":{"line":198,"column":8},"end":{"line":201,"column":9}}]}},"s":{"0":4,"1":4,"2":4,"3":4,"4":6,"5":6,"6":6,"7":6,"8":6,"9":5,"10":3,"11":3,"12":4,"13":9,"14":0,"15":9,"16":9,"17":9,"18":9,"19":4,"20":9,"21":9,"22":9,"23":9,"24":1,"25":1,"26":8,"27":8,"28":1,"29":1,"30":7,"31":1,"32":1,"33":6,"34":6,"35":0,"36":0,"37":6,"38":0,"39":6,"40":6,"41":6,"42":0,"43":4,"44":8,"45":8,"46":0,"47":0,"48":8,"49":1,"50":1,"51":7,"52":7,"53":7,"54":0,"55":0,"56":7,"57":7,"58":7,"59":7,"60":0,"61":0,"62":7,"63":3,"64":3,"65":3,"66":3,"67":4,"68":6,"69":4,"70":4,"71":0,"72":0,"73":4,"74":1,"75":1,"76":1,"77":1,"78":1,"79":0,"80":4,"81":8,"82":8,"83":8,"84":1,"85":1,"86":7,"87":3,"88":3,"89":0,"90":0,"91":3,"92":0,"93":3,"94":3,"95":3,"96":4,"97":4,"98":17,"99":17,"100":17,"101":1,"102":1,"103":16,"104":1,"105":1,"106":15,"107":15,"108":1,"109":1,"110":14,"111":14,"112":4,"113":4},"f":{"0":6,"1":6,"2":9,"3":9,"4":9,"5":8,"6":8,"7":7,"8":7,"9":6,"10":1,"11":1,"12":8,"13":8,"14":17,"15":15},"b":{"0":[0],"1":[1],"2":[1],"3":[1],"4":[0],"5":[0],"6":[0],"7":[1],"8":[0],"9":[0],"10":[3],"11":[7,7],"12":[1],"13":[0],"14":[0],"15":[17,16],"16":[1],"17":[1],"18":[1]}}
,"C:\\Users\\Dor Matana\\OneDrive\\Desktop\\דור לימודים\\שנה 3\\Assignment-1-vlad dor\\Assignment-1\\src\\controllers\\comments_controller.ts": {"path":"C:\\Users\\Dor Matana\\OneDrive\\Desktop\\דור לימודים\\שנה 3\\Assignment-1-vlad dor\\Assignment-1\\src\\controllers\\comments_controller.ts","statementMap":{"0":{"start":{"line":2,"column":0},"end":{"line":2,"column":45}},"1":{"start":{"line":6,"column":15},"end":{"line":17,"column":2}},"2":{"start":{"line":6,"column":52},"end":{"line":17,"column":2}},"3":{"start":{"line":7,"column":2},"end":{"line":16,"column":3}},"4":{"start":{"line":8,"column":21},"end":{"line":8,"column":46}},"5":{"start":{"line":9,"column":4},"end":{"line":11,"column":20}},"6":{"start":{"line":13,"column":4},"end":{"line":15,"column":75}},"7":{"start":{"line":20,"column":22},"end":{"line":40,"column":2}},"8":{"start":{"line":20,"column":60},"end":{"line":40,"column":2}},"9":{"start":{"line":21,"column":2},"end":{"line":39,"column":3}},"10":{"start":{"line":22,"column":40},"end":{"line":22,"column":48}},"11":{"start":{"line":24,"column":4},"end":{"line":28,"column":5}},"12":{"start":{"line":25,"column":6},"end":{"line":27,"column":52}},"13":{"start":{"line":30,"column":20},"end":{"line":30,"column":65}},"14":{"start":{"line":31,"column":4},"end":{"line":31,"column":25}},"15":{"start":{"line":32,"column":4},"end":{"line":34,"column":19}},"16":{"start":{"line":36,"column":4},"end":{"line":38,"column":71}},"17":{"start":{"line":43,"column":28},"end":{"line":56,"column":2}},"18":{"start":{"line":43,"column":66},"end":{"line":56,"column":2}},"19":{"start":{"line":44,"column":2},"end":{"line":55,"column":3}},"20":{"start":{"line":45,"column":23},"end":{"line":45,"column":33}},"21":{"start":{"line":47,"column":21},"end":{"line":47,"column":56}},"22":{"start":{"line":48,"column":4},"end":{"line":50,"column":20}},"23":{"start":{"line":52,"column":4},"end":{"line":54,"column":75}},"24":{"start":{"line":59,"column":23},"end":{"line":79,"column":2}},"25":{"start":{"line":59,"column":61},"end":{"line":79,"column":2}},"26":{"start":{"line":60,"column":2},"end":{"line":78,"column":3}},"27":{"start":{"line":61,"column":19},"end":{"line":61,"column":29}},"28":{"start":{"line":63,"column":20},"end":{"line":63,"column":51}},"29":{"start":{"line":65,"column":4},"end":{"line":69,"column":5}},"30":{"start":{"line":66,"column":6},"end":{"line":68,"column":46}},"31":{"start":{"line":71,"column":4},"end":{"line":73,"column":19}},"32":{"start":{"line":75,"column":4},"end":{"line":77,"column":76}},"33":{"start":{"line":82,"column":22},"end":{"line":113,"column":2}},"34":{"start":{"line":82,"column":60},"end":{"line":113,"column":2}},"35":{"start":{"line":83,"column":2},"end":{"line":112,"column":3}},"36":{"start":{"line":84,"column":19},"end":{"line":84,"column":29}},"37":{"start":{"line":85,"column":21},"end":{"line":85,"column":37}},"38":{"start":{"line":87,"column":4},"end":{"line":91,"column":5}},"39":{"start":{"line":88,"column":6},"end":{"line":90,"column":66}},"40":{"start":{"line":93,"column":27},"end":{"line":96,"column":null}},"41":{"start":{"line":99,"column":4},"end":{"line":103,"column":5}},"42":{"start":{"line":100,"column":6},"end":{"line":102,"column":46}},"43":{"start":{"line":105,"column":4},"end":{"line":107,"column":26}},"44":{"start":{"line":109,"column":4},"end":{"line":111,"column":71}},"45":{"start":{"line":116,"column":22},"end":{"line":142,"column":2}},"46":{"start":{"line":116,"column":60},"end":{"line":142,"column":2}},"47":{"start":{"line":117,"column":2},"end":{"line":141,"column":3}},"48":{"start":{"line":118,"column":19},"end":{"line":118,"column":29}},"49":{"start":{"line":120,"column":4},"end":{"line":124,"column":5}},"50":{"start":{"line":121,"column":6},"end":{"line":123,"column":51}},"51":{"start":{"line":126,"column":27},"end":{"line":126,"column":67}},"52":{"start":{"line":128,"column":4},"end":{"line":132,"column":5}},"53":{"start":{"line":129,"column":6},"end":{"line":131,"column":46}},"54":{"start":{"line":134,"column":4},"end":{"line":136,"column":28}},"55":{"start":{"line":138,"column":4},"end":{"line":140,"column":71}},"56":{"start":{"line":144,"column":0},"end":{"line":151,"column":2}}},"fnMap":{"0":{"name":"(anonymous_8)","decl":{"start":{"line":6,"column":15},"end":{"line":6,"column":21}},"loc":{"start":{"line":6,"column":52},"end":{"line":17,"column":2}}},"1":{"name":"(anonymous_9)","decl":{"start":{"line":6,"column":52},"end":{"line":6,"column":null}},"loc":{"start":{"line":6,"column":52},"end":{"line":17,"column":1}}},"2":{"name":"(anonymous_10)","decl":{"start":{"line":20,"column":22},"end":{"line":20,"column":29}},"loc":{"start":{"line":20,"column":60},"end":{"line":40,"column":2}}},"3":{"name":"(anonymous_11)","decl":{"start":{"line":20,"column":60},"end":{"line":20,"column":null}},"loc":{"start":{"line":20,"column":60},"end":{"line":40,"column":1}}},"4":{"name":"(anonymous_12)","decl":{"start":{"line":43,"column":28},"end":{"line":43,"column":35}},"loc":{"start":{"line":43,"column":66},"end":{"line":56,"column":2}}},"5":{"name":"(anonymous_13)","decl":{"start":{"line":43,"column":66},"end":{"line":43,"column":null}},"loc":{"start":{"line":43,"column":66},"end":{"line":56,"column":1}}},"6":{"name":"(anonymous_14)","decl":{"start":{"line":59,"column":23},"end":{"line":59,"column":30}},"loc":{"start":{"line":59,"column":61},"end":{"line":79,"column":2}}},"7":{"name":"(anonymous_15)","decl":{"start":{"line":59,"column":61},"end":{"line":59,"column":null}},"loc":{"start":{"line":59,"column":61},"end":{"line":79,"column":1}}},"8":{"name":"(anonymous_16)","decl":{"start":{"line":82,"column":22},"end":{"line":82,"column":29}},"loc":{"start":{"line":82,"column":60},"end":{"line":113,"column":2}}},"9":{"name":"(anonymous_17)","decl":{"start":{"line":82,"column":60},"end":{"line":82,"column":null}},"loc":{"start":{"line":82,"column":60},"end":{"line":113,"column":1}}},"10":{"name":"(anonymous_18)","decl":{"start":{"line":116,"column":22},"end":{"line":116,"column":29}},"loc":{"start":{"line":116,"column":60},"end":{"line":142,"column":2}}},"11":{"name":"(anonymous_19)","decl":{"start":{"line":116,"column":60},"end":{"line":116,"column":null}},"loc":{"start":{"line":116,"column":60},"end":{"line":142,"column":1}}}},"branchMap":{"0":{"loc":{"start":{"line":24,"column":4},"end":{"line":28,"column":5}},"type":"if","locations":[{"start":{"line":24,"column":4},"end":{"line":28,"column":5}}]},"1":{"loc":{"start":{"line":24,"column":8},"end":{"line":24,"column":38}},"type":"binary-expr","locations":[{"start":{"line":24,"column":8},"end":{"line":24,"column":15}},{"start":{"line":24,"column":19},"end":{"line":24,"column":27}},{"start":{"line":24,"column":31},"end":{"line":24,"column":38}}]},"2":{"loc":{"start":{"line":65,"column":4},"end":{"line":69,"column":5}},"type":"if","locations":[{"start":{"line":65,"column":4},"end":{"line":69,"column":5}}]},"3":{"loc":{"start":{"line":87,"column":4},"end":{"line":91,"column":5}},"type":"if","locations":[{"start":{"line":87,"column":4},"end":{"line":91,"column":5}}]},"4":{"loc":{"start":{"line":87,"column":8},"end":{"line":87,"column":23}},"type":"binary-expr","locations":[{"start":{"line":87,"column":8},"end":{"line":87,"column":11}},{"start":{"line":87,"column":15},"end":{"line":87,"column":23}}]},"5":{"loc":{"start":{"line":99,"column":4},"end":{"line":103,"column":5}},"type":"if","locations":[{"start":{"line":99,"column":4},"end":{"line":103,"column":5}}]},"6":{"loc":{"start":{"line":120,"column":4},"end":{"line":124,"column":5}},"type":"if","locations":[{"start":{"line":120,"column":4},"end":{"line":124,"column":5}}]},"7":{"loc":{"start":{"line":128,"column":4},"end":{"line":132,"column":5}},"type":"if","locations":[{"start":{"line":128,"column":4},"end":{"line":132,"column":5}}]}},"s":{"0":4,"1":4,"2":3,"3":3,"4":3,"5":3,"6":0,"7":4,"8":2,"9":2,"10":2,"11":2,"12":1,"13":1,"14":1,"15":1,"16":0,"17":4,"18":1,"19":1,"20":1,"21":1,"22":0,"23":1,"24":4,"25":3,"26":3,"27":3,"28":3,"29":1,"30":0,"31":1,"32":2,"33":4,"34":2,"35":2,"36":2,"37":2,"38":2,"39":0,"40":2,"41":2,"42":1,"43":1,"44":0,"45":4,"46":3,"47":3,"48":3,"49":3,"50":0,"51":3,"52":1,"53":0,"54":1,"55":2,"56":4},"f":{"0":3,"1":3,"2":2,"3":2,"4":1,"5":1,"6":3,"7":3,"8":2,"9":2,"10":3,"11":3},"b":{"0":[1],"1":[2,2,2],"2":[0],"3":[0],"4":[2,2],"5":[1],"6":[0],"7":[0]}}
,"C:\\Users\\Dor Matana\\OneDrive\\Desktop\\דור לימודים\\שנה 3\\Assignment-1-vlad dor\\Assignment-1\\src\\controllers\\posts_controller.ts": {"path":"C:\\Users\\Dor Matana\\OneDrive\\Desktop\\דור לימודים\\שנה 3\\Assignment-1-vlad dor\\Assignment-1\\src\\controllers\\posts_controller.ts","statementMap":{"0":{"start":{"line":2,"column":0},"end":{"line":2,"column":39}},"1":{"start":{"line":4,"column":19},"end":{"line":23,"column":2}},"2":{"start":{"line":4,"column":57},"end":{"line":23,"column":2}},"3":{"start":{"line":5,"column":2},"end":{"line":22,"column":3}},"4":{"start":{"line":6,"column":41},"end":{"line":6,"column":49}},"5":{"start":{"line":8,"column":4},"end":{"line":12,"column":5}},"6":{"start":{"line":9,"column":6},"end":{"line":11,"column":52}},"7":{"start":{"line":14,"column":17},"end":{"line":14,"column":60}},"8":{"start":{"line":15,"column":4},"end":{"line":15,"column":22}},"9":{"start":{"line":16,"column":4},"end":{"line":17,"column":28}},"10":{"start":{"line":19,"column":4},"end":{"line":21,"column":68}},"11":{"start":{"line":26,"column":20},"end":{"line":37,"column":2}},"12":{"start":{"line":26,"column":58},"end":{"line":37,"column":2}},"13":{"start":{"line":27,"column":2},"end":{"line":36,"column":3}},"14":{"start":{"line":28,"column":18},"end":{"line":28,"column":40}},"15":{"start":{"line":29,"column":4},"end":{"line":31,"column":17}},"16":{"start":{"line":33,"column":4},"end":{"line":35,"column":72}},"17":{"start":{"line":40,"column":20},"end":{"line":59,"column":2}},"18":{"start":{"line":40,"column":58},"end":{"line":59,"column":2}},"19":{"start":{"line":41,"column":2},"end":{"line":58,"column":3}},"20":{"start":{"line":42,"column":19},"end":{"line":42,"column":29}},"21":{"start":{"line":43,"column":17},"end":{"line":43,"column":45}},"22":{"start":{"line":45,"column":4},"end":{"line":49,"column":5}},"23":{"start":{"line":46,"column":6},"end":{"line":48,"column":43}},"24":{"start":{"line":51,"column":4},"end":{"line":53,"column":16}},"25":{"start":{"line":55,"column":4},"end":{"line":57,"column":73}},"26":{"start":{"line":62,"column":27},"end":{"line":83,"column":2}},"27":{"start":{"line":62,"column":65},"end":{"line":83,"column":2}},"28":{"start":{"line":63,"column":2},"end":{"line":82,"column":3}},"29":{"start":{"line":64,"column":18},"end":{"line":64,"column":73}},"30":{"start":{"line":66,"column":4},"end":{"line":70,"column":5}},"31":{"start":{"line":67,"column":6},"end":{"line":69,"column":61}},"32":{"start":{"line":72,"column":4},"end":{"line":74,"column":17}},"33":{"start":{"line":76,"column":4},"end":{"line":81,"column":7}},"34":{"start":{"line":86,"column":19},"end":{"line":116,"column":2}},"35":{"start":{"line":86,"column":57},"end":{"line":116,"column":2}},"36":{"start":{"line":87,"column":2},"end":{"line":115,"column":3}},"37":{"start":{"line":88,"column":31},"end":{"line":88,"column":39}},"38":{"start":{"line":90,"column":4},"end":{"line":94,"column":5}},"39":{"start":{"line":91,"column":6},"end":{"line":93,"column":61}},"40":{"start":{"line":96,"column":24},"end":{"line":99,"column":null}},"41":{"start":{"line":102,"column":4},"end":{"line":106,"column":5}},"42":{"start":{"line":103,"column":6},"end":{"line":105,"column":43}},"43":{"start":{"line":108,"column":4},"end":{"line":110,"column":23}},"44":{"start":{"line":112,"column":4},"end":{"line":114,"column":68}},"45":{"start":{"line":119,"column":19},"end":{"line":137,"column":2}},"46":{"start":{"line":119,"column":57},"end":{"line":137,"column":2}},"47":{"start":{"line":120,"column":2},"end":{"line":136,"column":3}},"48":{"start":{"line":121,"column":24},"end":{"line":121,"column":72}},"49":{"start":{"line":123,"column":4},"end":{"line":127,"column":5}},"50":{"start":{"line":124,"column":6},"end":{"line":126,"column":43}},"51":{"start":{"line":129,"column":4},"end":{"line":131,"column":23}},"52":{"start":{"line":133,"column":4},"end":{"line":135,"column":68}},"53":{"start":{"line":139,"column":0},"end":{"line":146,"column":2}}},"fnMap":{"0":{"name":"(anonymous_8)","decl":{"start":{"line":4,"column":19},"end":{"line":4,"column":26}},"loc":{"start":{"line":4,"column":57},"end":{"line":23,"column":2}}},"1":{"name":"(anonymous_9)","decl":{"start":{"line":4,"column":57},"end":{"line":4,"column":null}},"loc":{"start":{"line":4,"column":57},"end":{"line":23,"column":1}}},"2":{"name":"(anonymous_10)","decl":{"start":{"line":26,"column":20},"end":{"line":26,"column":27}},"loc":{"start":{"line":26,"column":58},"end":{"line":37,"column":2}}},"3":{"name":"(anonymous_11)","decl":{"start":{"line":26,"column":58},"end":{"line":26,"column":null}},"loc":{"start":{"line":26,"column":58},"end":{"line":37,"column":1}}},"4":{"name":"(anonymous_12)","decl":{"start":{"line":40,"column":20},"end":{"line":40,"column":27}},"loc":{"start":{"line":40,"column":58},"end":{"line":59,"column":2}}},"5":{"name":"(anonymous_13)","decl":{"start":{"line":40,"column":58},"end":{"line":40,"column":null}},"loc":{"start":{"line":40,"column":58},"end":{"line":59,"column":1}}},"6":{"name":"(anonymous_14)","decl":{"start":{"line":62,"column":27},"end":{"line":62,"column":34}},"loc":{"start":{"line":62,"column":65},"end":{"line":83,"column":2}}},"7":{"name":"(anonymous_15)","decl":{"start":{"line":62,"column":65},"end":{"line":62,"column":null}},"loc":{"start":{"line":62,"column":65},"end":{"line":83,"column":1}}},"8":{"name":"(anonymous_16)","decl":{"start":{"line":86,"column":19},"end":{"line":86,"column":26}},"loc":{"start":{"line":86,"column":57},"end":{"line":116,"column":2}}},"9":{"name":"(anonymous_17)","decl":{"start":{"line":86,"column":57},"end":{"line":86,"column":null}},"loc":{"start":{"line":86,"column":57},"end":{"line":116,"column":1}}},"10":{"name":"(anonymous_18)","decl":{"start":{"line":119,"column":19},"end":{"line":119,"column":26}},"loc":{"start":{"line":119,"column":57},"end":{"line":137,"column":2}}},"11":{"name":"(anonymous_19)","decl":{"start":{"line":119,"column":57},"end":{"line":119,"column":null}},"loc":{"start":{"line":119,"column":57},"end":{"line":137,"column":1}}}},"branchMap":{"0":{"loc":{"start":{"line":8,"column":4},"end":{"line":12,"column":5}},"type":"if","locations":[{"start":{"line":8,"column":4},"end":{"line":12,"column":5}}]},"1":{"loc":{"start":{"line":8,"column":8},"end":{"line":8,"column":39}},"type":"binary-expr","locations":[{"start":{"line":8,"column":8},"end":{"line":8,"column":14}},{"start":{"line":8,"column":18},"end":{"line":8,"column":26}},{"start":{"line":8,"column":30},"end":{"line":8,"column":39}}]},"2":{"loc":{"start":{"line":45,"column":4},"end":{"line":49,"column":5}},"type":"if","locations":[{"start":{"line":45,"column":4},"end":{"line":49,"column":5}}]},"3":{"loc":{"start":{"line":66,"column":4},"end":{"line":70,"column":5}},"type":"if","locations":[{"start":{"line":66,"column":4},"end":{"line":70,"column":5}}]},"4":{"loc":{"start":{"line":90,"column":4},"end":{"line":94,"column":5}},"type":"if","locations":[{"start":{"line":90,"column":4},"end":{"line":94,"column":5}}]},"5":{"loc":{"start":{"line":90,"column":8},"end":{"line":90,"column":26}},"type":"binary-expr","locations":[{"start":{"line":90,"column":8},"end":{"line":90,"column":14}},{"start":{"line":90,"column":18},"end":{"line":90,"column":26}}]},"6":{"loc":{"start":{"line":102,"column":4},"end":{"line":106,"column":5}},"type":"if","locations":[{"start":{"line":102,"column":4},"end":{"line":106,"column":5}}]},"7":{"loc":{"start":{"line":123,"column":4},"end":{"line":127,"column":5}},"type":"if","locations":[{"start":{"line":123,"column":4},"end":{"line":127,"column":5}}]}},"s":{"0":4,"1":4,"2":5,"3":5,"4":5,"5":5,"6":1,"7":4,"8":4,"9":4,"10":0,"11":4,"12":3,"13":3,"14":3,"15":3,"16":0,"17":4,"18":2,"19":2,"20":2,"21":2,"22":2,"23":1,"24":1,"25":0,"26":4,"27":3,"28":3,"29":3,"30":2,"31":2,"32":0,"33":1,"34":4,"35":3,"36":3,"37":3,"38":3,"39":1,"40":2,"41":1,"42":1,"43":0,"44":1,"45":4,"46":1,"47":1,"48":1,"49":1,"50":0,"51":1,"52":0,"53":4},"f":{"0":5,"1":5,"2":3,"3":3,"4":2,"5":2,"6":3,"7":3,"8":3,"9":3,"10":1,"11":1},"b":{"0":[1],"1":[5,4,4],"2":[1],"3":[2],"4":[1],"5":[3,3],"6":[1],"7":[0]}}
,"C:\\Users\\Dor Matana\\OneDrive\\Desktop\\דור לימודים\\שנה 3\\Assignment-1-vlad dor\\Assignment-1\\src\\models\\Comment.ts": {"path":"C:\\Users\\Dor Matana\\OneDrive\\Desktop\\דור לימודים\\שנה 3\\Assignment-1-vlad dor\\Assignment-1\\src\\models\\Comment.ts","statementMap":{"0":{"start":{"line":1,"column":0},"end":{"line":1,"column":32}},"1":{"start":{"line":3,"column":22},"end":{"line":21,"column":2}},"2":{"start":{"line":22,"column":21},"end":{"line":22,"column":61}},"3":{"start":{"line":24,"column":0},"end":{"line":24,"column":28}}},"fnMap":{},"branchMap":{},"s":{"0":4,"1":4,"2":4,"3":4},"f":{},"b":{}}
,"C:\\Users\\Dor Matana\\OneDrive\\Desktop\\דור לימודים\\שנה 3\\Assignment-1-vlad dor\\Assignment-1\\src\\models\\Post.ts": {"path":"C:\\Users\\Dor Matana\\OneDrive\\Desktop\\דור לימודים\\שנה 3\\Assignment-1-vlad dor\\Assignment-1\\src\\models\\Post.ts","statementMap":{"0":{"start":{"line":1,"column":0},"end":{"line":1,"column":32}},"1":{"start":{"line":3,"column":19},"end":{"line":20,"column":2}},"2":{"start":{"line":21,"column":18},"end":{"line":21,"column":52}},"3":{"start":{"line":23,"column":0},"end":{"line":23,"column":25}}},"fnMap":{},"branchMap":{},"s":{"0":4,"1":4,"2":4,"3":4},"f":{},"b":{}}
,"C:\\Users\\Dor Matana\\OneDrive\\Desktop\\דור לימודים\\שנה 3\\Assignment-1-vlad dor\\Assignment-1\\src\\models\\users_model.ts": {"path":"C:\\Users\\Dor Matana\\OneDrive\\Desktop\\דור לימודים\\שנה 3\\Assignment-1-vlad dor\\Assignment-1\\src\\models\\users_model.ts","statementMap":{"0":{"start":{"line":1,"column":0},"end":{"line":1,"column":32}},"1":{"start":{"line":10,"column":19},"end":{"line":24,"column":2}},"2":{"start":{"line":26,"column":18},"end":{"line":26,"column":60}},"3":{"start":{"line":28,"column":0},"end":{"line":28,"column":25}}},"fnMap":{},"branchMap":{},"s":{"0":4,"1":4,"2":4,"3":4},"f":{},"b":{}}
,"C:\\Users\\Dor Matana\\OneDrive\\Desktop\\דור לימודים\\שנה 3\\Assignment-1-vlad dor\\Assignment-1\\src\\routes\\auth_route.ts": {"path":"C:\\Users\\Dor Matana\\OneDrive\\Desktop\\דור לימודים\\שנה 3\\Assignment-1-vlad dor\\Assignment-1\\src\\routes\\auth_route.ts","statementMap":{"0":{"start":{"line":1,"column":0},"end":{"line":1,"column":30}},"1":{"start":{"line":2,"column":15},"end":{"line":2,"column":31}},"2":{"start":{"line":3,"column":0},"end":{"line":3,"column":60}},"3":{"start":{"line":64,"column":0},"end":{"line":64,"column":50}},"4":{"start":{"line":102,"column":0},"end":{"line":102,"column":44}},"5":{"start":{"line":141,"column":0},"end":{"line":141,"column":48}},"6":{"start":{"line":169,"column":0},"end":{"line":169,"column":46}},"7":{"start":{"line":172,"column":0},"end":{"line":172,"column":22}}},"fnMap":{},"branchMap":{},"s":{"0":4,"1":4,"2":4,"3":4,"4":4,"5":4,"6":4,"7":4},"f":{},"b":{}}
,"C:\\Users\\Dor Matana\\OneDrive\\Desktop\\דור לימודים\\שנה 3\\Assignment-1-vlad dor\\Assignment-1\\src\\routes\\comments.ts": {"path":"C:\\Users\\Dor Matana\\OneDrive\\Desktop\\דור לימודים\\שנה 3\\Assignment-1-vlad dor\\Assignment-1\\src\\routes\\comments.ts","statementMap":{"0":{"start":{"line":1,"column":0},"end":{"line":1,"column":30}},"1":{"start":{"line":2,"column":15},"end":{"line":2,"column":31}},"2":{"start":{"line":3,"column":0},"end":{"line":3,"column":58}},"3":{"start":{"line":4,"column":0},"end":{"line":4,"column":64}},"4":{"start":{"line":69,"column":0},"end":{"line":71,"column":3}},"5":{"start":{"line":70,"column":2},"end":{"line":70,"column":35}},"6":{"start":{"line":91,"column":0},"end":{"line":93,"column":3}},"7":{"start":{"line":92,"column":2},"end":{"line":92,"column":28}},"8":{"start":{"line":120,"column":0},"end":{"line":122,"column":3}},"9":{"start":{"line":121,"column":2},"end":{"line":121,"column":36}},"10":{"start":{"line":157,"column":0},"end":{"line":159,"column":3}},"11":{"start":{"line":158,"column":2},"end":{"line":158,"column":35}},"12":{"start":{"line":184,"column":0},"end":{"line":186,"column":3}},"13":{"start":{"line":185,"column":2},"end":{"line":185,"column":35}},"14":{"start":{"line":215,"column":0},"end":{"line":217,"column":3}},"15":{"start":{"line":216,"column":2},"end":{"line":216,"column":41}},"16":{"start":{"line":219,"column":0},"end":{"line":219,"column":22}}},"fnMap":{"0":{"name":"(anonymous_1)","decl":{"start":{"line":69,"column":33},"end":{"line":69,"column":34}},"loc":{"start":{"line":69,"column":46},"end":{"line":71,"column":1}}},"1":{"name":"(anonymous_2)","decl":{"start":{"line":91,"column":16},"end":{"line":91,"column":17}},"loc":{"start":{"line":91,"column":29},"end":{"line":93,"column":1}}},"2":{"name":"(anonymous_3)","decl":{"start":{"line":120,"column":19},"end":{"line":120,"column":20}},"loc":{"start":{"line":120,"column":32},"end":{"line":122,"column":1}}},"3":{"name":"(anonymous_4)","decl":{"start":{"line":157,"column":19},"end":{"line":157,"column":20}},"loc":{"start":{"line":157,"column":32},"end":{"line":159,"column":1}}},"4":{"name":"(anonymous_5)","decl":{"start":{"line":184,"column":38},"end":{"line":184,"column":39}},"loc":{"start":{"line":184,"column":51},"end":{"line":186,"column":1}}},"5":{"name":"(anonymous_6)","decl":{"start":{"line":215,"column":28},"end":{"line":215,"column":29}},"loc":{"start":{"line":215,"column":41},"end":{"line":217,"column":1}}}},"branchMap":{},"s":{"0":4,"1":4,"2":4,"3":4,"4":4,"5":2,"6":4,"7":3,"8":4,"9":3,"10":4,"11":2,"12":4,"13":3,"14":4,"15":1,"16":4},"f":{"0":2,"1":3,"2":3,"3":2,"4":3,"5":1},"b":{}}
,"C:\\Users\\Dor Matana\\OneDrive\\Desktop\\דור לימודים\\שנה 3\\Assignment-1-vlad dor\\Assignment-1\\src\\routes\\posts.ts": {"path":"C:\\Users\\Dor Matana\\OneDrive\\Desktop\\דור לימודים\\שנה 3\\Assignment-1-vlad dor\\Assignment-1\\src\\routes\\posts.ts","statementMap":{"0":{"start":{"line":1,"column":0},"end":{"line":1,"column":30}},"1":{"start":{"line":2,"column":15},"end":{"line":2,"column":31}},"2":{"start":{"line":3,"column":0},"end":{"line":3,"column":51}},"3":{"start":{"line":4,"column":0},"end":{"line":4,"column":64}},"4":{"start":{"line":65,"column":0},"end":{"line":67,"column":3}},"5":{"start":{"line":66,"column":2},"end":{"line":66,"column":28}},"6":{"start":{"line":87,"column":0},"end":{"line":87,"column":34}},"7":{"start":{"line":114,"column":0},"end":{"line":116,"column":3}},"8":{"start":{"line":115,"column":2},"end":{"line":115,"column":29}},"9":{"start":{"line":145,"column":0},"end":{"line":147,"column":3}},"10":{"start":{"line":146,"column":2},"end":{"line":146,"column":36}},"11":{"start":{"line":184,"column":0},"end":{"line":186,"column":3}},"12":{"start":{"line":185,"column":2},"end":{"line":185,"column":28}},"13":{"start":{"line":211,"column":0},"end":{"line":213,"column":3}},"14":{"start":{"line":212,"column":2},"end":{"line":212,"column":28}},"15":{"start":{"line":215,"column":0},"end":{"line":215,"column":22}}},"fnMap":{"0":{"name":"(anonymous_1)","decl":{"start":{"line":65,"column":33},"end":{"line":65,"column":34}},"loc":{"start":{"line":65,"column":46},"end":{"line":67,"column":1}}},"1":{"name":"(anonymous_2)","decl":{"start":{"line":114,"column":19},"end":{"line":114,"column":20}},"loc":{"start":{"line":114,"column":32},"end":{"line":116,"column":1}}},"2":{"name":"(anonymous_3)","decl":{"start":{"line":145,"column":32},"end":{"line":145,"column":33}},"loc":{"start":{"line":145,"column":45},"end":{"line":147,"column":1}}},"3":{"name":"(anonymous_4)","decl":{"start":{"line":184,"column":35},"end":{"line":184,"column":36}},"loc":{"start":{"line":184,"column":48},"end":{"line":186,"column":1}}},"4":{"name":"(anonymous_5)","decl":{"start":{"line":211,"column":38},"end":{"line":211,"column":39}},"loc":{"start":{"line":211,"column":51},"end":{"line":213,"column":1}}}},"branchMap":{},"s":{"0":4,"1":4,"2":4,"3":4,"4":4,"5":5,"6":4,"7":4,"8":2,"9":4,"10":3,"11":4,"12":3,"13":4,"14":1,"15":4},"f":{"0":5,"1":2,"2":3,"3":3,"4":1},"b":{}}
}
