TN:
SF:src\server.ts
FN:33,(anonymous_1)
FN:34,(anonymous_2)
FN:42,(anonymous_3)
FN:52,(anonymous_4)
FNF:4
FNH:3
FNDA:5,(anonymous_1)
FNDA:5,(anonymous_2)
FNDA:4,(anonymous_3)
FNDA:0,(anonymous_4)
DA:1,4
DA:2,4
DA:3,4
DA:4,4
DA:5,4
DA:6,4
DA:7,4
DA:8,4
DA:9,4
DA:10,4
DA:11,4
DA:12,4
DA:13,4
DA:14,4
DA:15,4
DA:16,4
DA:17,4
DA:29,4
DA:30,4
DA:33,4
DA:34,5
DA:35,5
DA:36,1
DA:37,1
DA:38,1
DA:40,4
DA:43,4
DA:45,4
DA:46,4
DA:47,4
DA:48,4
DA:50,4
DA:53,0
DA:54,0
DA:60,4
LF:35
LH:33
BRDA:35,0,0,1
BRDA:35,0,1,4
BRF:2
BRH:2
end_of_record
TN:
SF:src\controllers\auth_controller.ts
FN:7,(anonymous_8)
FN:7,(anonymous_9)
FN:27,(anonymous_10)
FN:51,(anonymous_11)
FN:51,(anonymous_12)
FN:95,(anonymous_13)
FN:96,(anonymous_14)
FN:107,(anonymous_15)
FN:107,(anonymous_16)
FN:127,(anonymous_17)
FN:139,(anonymous_18)
FN:139,(anonymous_19)
FN:149,(anonymous_20)
FN:149,(anonymous_21)
FN:184,(anonymous_22)
FN:197,(anonymous_23)
FNF:16
FNH:16
FNDA:6,(anonymous_8)
FNDA:6,(anonymous_9)
FNDA:9,(anonymous_10)
FNDA:9,(anonymous_11)
FNDA:9,(anonymous_12)
FNDA:8,(anonymous_13)
FNDA:8,(anonymous_14)
FNDA:7,(anonymous_15)
FNDA:7,(anonymous_16)
FNDA:6,(anonymous_17)
FNDA:1,(anonymous_18)
FNDA:1,(anonymous_19)
FNDA:8,(anonymous_20)
FNDA:8,(anonymous_21)
FNDA:17,(anonymous_22)
FNDA:15,(anonymous_23)
DA:2,4
DA:3,4
DA:4,4
DA:7,6
DA:8,6
DA:9,6
DA:10,6
DA:11,6
DA:12,5
DA:16,3
DA:18,3
DA:27,4
DA:28,9
DA:29,0
DA:32,9
DA:33,9
DA:40,9
DA:46,9
DA:51,9
DA:52,9
DA:53,9
DA:54,9
DA:55,1
DA:56,1
DA:58,8
DA:59,8
DA:60,1
DA:61,1
DA:63,7
DA:64,1
DA:65,1
DA:68,6
DA:69,6
DA:70,0
DA:71,0
DA:73,6
DA:74,0
DA:76,6
DA:77,6
DA:78,6
DA:86,0
DA:95,4
DA:96,8
DA:98,8
DA:99,0
DA:100,0
DA:103,8
DA:104,1
DA:105,1
DA:107,7
DA:108,7
DA:109,0
DA:110,0
DA:113,7
DA:114,7
DA:116,7
DA:117,7
DA:118,0
DA:119,0
DA:121,7
DA:122,3
DA:123,3
DA:124,3
DA:125,3
DA:127,6
DA:128,4
DA:130,4
DA:132,0
DA:133,0
DA:139,4
DA:140,1
DA:141,1
DA:142,1
DA:143,1
DA:145,0
DA:149,8
DA:150,8
DA:151,8
DA:152,1
DA:153,1
DA:155,7
DA:157,3
DA:159,3
DA:160,0
DA:161,0
DA:163,3
DA:164,0
DA:166,3
DA:167,3
DA:168,3
DA:176,4
DA:184,4
DA:185,17
DA:186,17
DA:188,17
DA:189,1
DA:190,1
DA:192,16
DA:193,1
DA:194,1
DA:197,15
DA:198,15
DA:199,1
DA:200,1
DA:202,14
DA:203,14
DA:207,4
LF:107
LH:90
BRDA:28,0,0,0
BRDA:54,1,0,1
BRDA:59,2,0,1
BRDA:63,3,0,1
BRDA:69,4,0,0
BRDA:73,5,0,0
BRDA:98,6,0,0
BRDA:103,7,0,1
BRDA:108,8,0,0
BRDA:117,9,0,0
BRDA:121,10,0,3
BRDA:121,11,0,7
BRDA:121,11,1,7
BRDA:151,12,0,1
BRDA:159,13,0,0
BRDA:163,14,0,0
BRDA:186,15,0,17
BRDA:186,15,1,16
BRDA:188,16,0,1
BRDA:192,17,0,1
BRDA:198,18,0,1
BRF:21
BRH:13
end_of_record
TN:
SF:src\controllers\comments_controller.ts
FN:6,(anonymous_8)
FN:6,(anonymous_9)
FN:20,(anonymous_10)
FN:20,(anonymous_11)
FN:43,(anonymous_12)
FN:43,(anonymous_13)
FN:59,(anonymous_14)
FN:59,(anonymous_15)
FN:82,(anonymous_16)
FN:82,(anonymous_17)
FN:116,(anonymous_18)
FN:116,(anonymous_19)
FNF:12
FNH:12
FNDA:3,(anonymous_8)
FNDA:3,(anonymous_9)
FNDA:2,(anonymous_10)
FNDA:2,(anonymous_11)
FNDA:1,(anonymous_12)
FNDA:1,(anonymous_13)
FNDA:3,(anonymous_14)
FNDA:3,(anonymous_15)
FNDA:2,(anonymous_16)
FNDA:2,(anonymous_17)
FNDA:3,(anonymous_18)
FNDA:3,(anonymous_19)
DA:2,4
DA:6,4
DA:7,3
DA:8,3
DA:9,3
DA:13,0
DA:20,4
DA:21,2
DA:22,2
DA:24,2
DA:25,1
DA:30,1
DA:31,1
DA:32,1
DA:36,0
DA:43,4
DA:44,1
DA:45,1
DA:47,1
DA:48,0
DA:52,1
DA:59,4
DA:60,3
DA:61,3
DA:63,3
DA:65,1
DA:66,0
DA:71,1
DA:75,2
DA:82,4
DA:83,2
DA:84,2
DA:85,2
DA:87,2
DA:88,0
DA:93,2
DA:99,2
DA:100,1
DA:105,1
DA:109,0
DA:116,4
DA:117,3
DA:118,3
DA:120,3
DA:121,0
DA:126,3
DA:128,1
DA:129,0
DA:134,1
DA:138,2
DA:144,4
LF:51
LH:43
BRDA:24,0,0,1
BRDA:24,1,0,2
BRDA:24,1,1,2
BRDA:24,1,2,2
BRDA:65,2,0,0
BRDA:87,3,0,0
BRDA:87,4,0,2
BRDA:87,4,1,2
BRDA:99,5,0,1
BRDA:120,6,0,0
BRDA:128,7,0,0
BRF:11
BRH:7
end_of_record
TN:
SF:src\controllers\posts_controller.ts
FN:4,(anonymous_8)
FN:4,(anonymous_9)
FN:26,(anonymous_10)
FN:26,(anonymous_11)
FN:40,(anonymous_12)
FN:40,(anonymous_13)
FN:62,(anonymous_14)
FN:62,(anonymous_15)
FN:86,(anonymous_16)
FN:86,(anonymous_17)
FN:119,(anonymous_18)
FN:119,(anonymous_19)
FNF:12
FNH:12
FNDA:5,(anonymous_8)
FNDA:5,(anonymous_9)
FNDA:3,(anonymous_10)
FNDA:3,(anonymous_11)
FNDA:2,(anonymous_12)
FNDA:2,(anonymous_13)
FNDA:3,(anonymous_14)
FNDA:3,(anonymous_15)
FNDA:3,(anonymous_16)
FNDA:3,(anonymous_17)
FNDA:1,(anonymous_18)
FNDA:1,(anonymous_19)
DA:2,4
DA:4,5
DA:5,5
DA:6,5
DA:8,5
DA:9,1
DA:14,4
DA:15,4
DA:16,4
DA:19,0
DA:26,4
DA:27,3
DA:28,3
DA:29,3
DA:33,0
DA:40,4
DA:41,2
DA:42,2
DA:43,2
DA:45,2
DA:46,1
DA:51,1
DA:55,0
DA:62,4
DA:63,3
DA:64,3
DA:66,2
DA:67,2
DA:72,0
DA:76,1
DA:86,4
DA:87,3
DA:88,3
DA:90,3
DA:91,1
DA:96,2
DA:102,1
DA:103,1
DA:108,0
DA:112,1
DA:119,4
DA:120,1
DA:121,1
DA:123,1
DA:124,0
DA:129,1
DA:133,0
DA:139,4
LF:48
LH:41
BRDA:8,0,0,1
BRDA:8,1,0,5
BRDA:8,1,1,4
BRDA:8,1,2,4
BRDA:45,2,0,1
BRDA:66,3,0,2
BRDA:90,4,0,1
BRDA:90,5,0,3
BRDA:90,5,1,3
BRDA:102,6,0,1
BRDA:123,7,0,0
BRF:11
BRH:10
end_of_record
TN:
SF:src\models\Comment.ts
FNF:0
FNH:0
DA:1,4
DA:3,4
DA:22,4
DA:24,4
LF:4
LH:4
BRF:0
BRH:0
end_of_record
TN:
SF:src\models\Post.ts
FNF:0
FNH:0
DA:1,4
DA:3,4
DA:21,4
DA:23,4
LF:4
LH:4
BRF:0
BRH:0
end_of_record
TN:
SF:src\models\users_model.ts
FNF:0
FNH:0
DA:1,4
DA:10,4
DA:26,4
DA:28,4
LF:4
LH:4
BRF:0
BRH:0
end_of_record
TN:
SF:src\routes\auth_route.ts
FNF:0
FNH:0
DA:1,4
DA:2,4
DA:3,4
DA:64,4
DA:102,4
DA:141,4
DA:169,4
DA:172,4
LF:8
LH:8
BRF:0
BRH:0
end_of_record
TN:
SF:src\routes\comments.ts
FN:69,(anonymous_1)
FN:91,(anonymous_2)
FN:120,(anonymous_3)
FN:157,(anonymous_4)
FN:184,(anonymous_5)
FN:215,(anonymous_6)
FNF:6
FNH:6
FNDA:2,(anonymous_1)
FNDA:3,(anonymous_2)
FNDA:3,(anonymous_3)
FNDA:2,(anonymous_4)
FNDA:3,(anonymous_5)
FNDA:1,(anonymous_6)
DA:1,4
DA:2,4
DA:3,4
DA:4,4
DA:69,4
DA:70,2
DA:91,4
DA:92,3
DA:120,4
DA:121,3
DA:157,4
DA:158,2
DA:184,4
DA:185,3
DA:215,4
DA:216,1
DA:219,4
LF:17
LH:17
BRF:0
BRH:0
end_of_record
TN:
SF:src\routes\posts.ts
FN:65,(anonymous_1)
FN:114,(anonymous_2)
FN:145,(anonymous_3)
FN:184,(anonymous_4)
FN:211,(anonymous_5)
FNF:5
FNH:5
FNDA:5,(anonymous_1)
FNDA:2,(anonymous_2)
FNDA:3,(anonymous_3)
FNDA:3,(anonymous_4)
FNDA:1,(anonymous_5)
DA:1,4
DA:2,4
DA:3,4
DA:4,4
DA:65,4
DA:66,5
DA:87,4
DA:114,4
DA:115,2
DA:145,4
DA:146,3
DA:184,4
DA:185,3
DA:211,4
DA:212,1
DA:215,4
LF:16
LH:16
BRF:0
BRH:0
end_of_record
