TN:
SF:server.js
FN:14,(anonymous_0)
FNF:1
FNH:1
FNDA:1,(anonymous_0)
DA:1,1
DA:2,1
DA:3,1
DA:4,1
DA:5,1
DA:6,1
DA:8,1
DA:9,1
DA:11,1
DA:12,1
DA:13,1
DA:14,1
DA:15,1
DA:18,1
DA:19,1
DA:21,1
LF:16
LH:16
BRF:0
BRH:0
end_of_record
TN:
SF:models\Comment.js
FNF:0
FNH:0
DA:1,1
DA:3,1
DA:10,1
LF:3
LH:3
BRF:0
BRH:0
end_of_record
TN:
SF:models\Post.js
FNF:0
FNH:0
DA:1,1
DA:3,1
DA:10,1
LF:3
LH:3
BRF:0
BRH:0
end_of_record
TN:
SF:routes\comments.js
FN:7,(anonymous_0)
FN:25,(anonymous_1)
FN:44,(anonymous_2)
FN:66,(anonymous_3)
FN:93,(anonymous_4)
FNF:5
FNH:4
FNDA:3,(anonymous_0)
FNDA:0,(anonymous_1)
FNDA:1,(anonymous_2)
FNDA:3,(anonymous_3)
FNDA:2,(anonymous_4)
DA:1,1
DA:2,1
DA:3,1
DA:7,1
DA:8,3
DA:9,3
DA:11,3
DA:12,2
DA:15,1
DA:16,1
DA:17,1
DA:19,0
DA:25,1
DA:26,0
DA:27,0
DA:29,0
DA:30,0
DA:33,0
DA:35,0
DA:37,0
DA:44,1
DA:45,1
DA:46,1
DA:48,1
DA:49,0
DA:52,1
DA:54,1
DA:55,0
DA:58,1
DA:60,0
DA:66,1
DA:67,3
DA:68,3
DA:69,3
DA:71,3
DA:72,0
DA:75,3
DA:81,2
DA:82,1
DA:85,1
DA:87,1
DA:93,1
DA:94,2
DA:95,2
DA:97,2
DA:98,0
DA:101,2
DA:103,1
DA:104,0
DA:107,1
DA:109,1
DA:113,1
LF:52
LH:38
BRDA:11,0,0,2
BRDA:11,0,1,1
BRDA:11,1,0,3
BRDA:11,1,1,1
BRDA:11,1,2,1
BRDA:29,2,0,0
BRDA:29,2,1,0
BRDA:48,3,0,0
BRDA:48,3,1,1
BRDA:54,4,0,0
BRDA:54,4,1,1
BRDA:71,5,0,0
BRDA:71,5,1,3
BRDA:71,6,0,3
BRDA:71,6,1,3
BRDA:81,7,0,1
BRDA:81,7,1,1
BRDA:97,8,0,0
BRDA:97,8,1,2
BRDA:103,9,0,0
BRDA:103,9,1,1
BRF:21
BRH:14
end_of_record
TN:
SF:routes\posts.js
FN:6,(anonymous_0)
FN:23,(anonymous_1)
FN:33,(anonymous_2)
FN:49,(anonymous_3)
FN:64,(anonymous_4)
FNF:5
FNH:5
FNDA:2,(anonymous_0)
FNDA:2,(anonymous_1)
FNDA:3,(anonymous_2)
FNDA:2,(anonymous_3)
FNDA:3,(anonymous_4)
DA:1,1
DA:2,1
DA:3,1
DA:6,1
DA:7,2
DA:8,2
DA:10,2
DA:11,1
DA:14,1
DA:15,1
DA:16,1
DA:18,0
DA:23,1
DA:24,2
DA:25,2
DA:26,2
DA:28,0
DA:33,1
DA:34,3
DA:35,3
DA:36,3
DA:38,2
DA:39,1
DA:42,1
DA:44,1
DA:49,1
DA:50,2
DA:51,2
DA:53,2
DA:54,1
DA:57,1
DA:59,0
DA:64,1
DA:65,3
DA:66,3
DA:68,3
DA:69,1
DA:72,2
DA:78,2
DA:79,1
DA:82,1
DA:84,0
DA:88,1
LF:43
LH:39
BRDA:10,0,0,1
BRDA:10,0,1,1
BRDA:10,1,0,2
BRDA:10,1,1,2
BRDA:10,1,2,1
BRDA:38,2,0,1
BRDA:38,2,1,1
BRDA:53,3,0,1
BRDA:53,3,1,1
BRDA:68,4,0,1
BRDA:68,4,1,2
BRDA:68,5,0,3
BRDA:68,5,1,2
BRDA:78,6,0,1
BRDA:78,6,1,1
BRF:15
BRH:15
end_of_record
